2025-09-14 19:58:09,550 - backfill_async - INFO - Created sample CSV with 5 symbols at demo_pairs.csv
2025-09-14 19:58:31,773 - backfill_async - INFO - Parsed 1 requests from test_pairs.csv
2025-09-14 19:58:31,774 - backfill_async - INFO - Starting backfill for 1 requests
2025-09-14 19:58:31,777 - backfill_async - ERROR - Backfill failed: Using http2=True, but the 'h2' package is not installed. Make sure to install httpx using `pip install httpx[http2]`.
2025-09-14 19:58:43,830 - backfill_async - INFO - Parsed 1 requests from test_pairs.csv
2025-09-14 19:58:43,830 - backfill_async - INFO - Starting backfill for 1 requests
2025-09-14 19:58:44,319 - httpx - INFO - HTTP Request: GET https://api.polygon.io/v2/aggs/ticker/AAPL/range/30/minute/1757750400000/1757808000000?adjusted=false&sort=asc&limit=1000&apikey=QjD_Isd8mrkdv85s30J0r7qeGcApznGf "HTTP/2 200 OK"
2025-09-14 19:58:44,344 - httpx - INFO - HTTP Request: GET https://api.polygon.io/v2/aggs/ticker/AAPL/range/1/day/2025-09-13/2025-09-13?adjusted=false&sort=asc&limit=1&apikey=QjD_Isd8mrkdv85s30J0r7qeGcApznGf "HTTP/2 200 OK"
2025-09-14 19:58:44,347 - backfill_async - ERROR - Backfill failed: (builtins.TypeError) SQLite Date type only accepts Python date objects as input.
[SQL: INSERT INTO backfill_data (symbol, trade_date, pre_high, pre_low, open_price, hod, lod, ah_high, ah_low, day_volume) VALUES (?, ?, ?, ?, ?, ?, ?, ?, ?, ?) ON CONFLICT (symbol, trade_date) DO UPDATE SET pre_high = excluded.pre_high, pre_low = excluded.pre_low, open_price = excluded.open_price, hod = excluded.hod, lod = excluded.lod, ah_high = excluded.ah_high, ah_low = excluded.ah_low, day_volume = excluded.day_volume]
[parameters: [{'symbol': 'AAPL', 'trade_date': '2025-09-13', 'pre_high': None, 'pre_low': None, 'open_price': None, 'hod': None, 'lod': None, 'ah_high': None, 'ah_low': None, 'day_volume': None}]]
2025-09-14 19:58:59,279 - backfill_async - INFO - Parsed 1 requests from test_pairs.csv
2025-09-14 19:58:59,279 - backfill_async - INFO - Starting backfill for 1 requests
2025-09-14 19:58:59,718 - httpx - INFO - HTTP Request: GET https://api.polygon.io/v2/aggs/ticker/AAPL/range/30/minute/1757750400000/1757808000000?adjusted=false&sort=asc&limit=1000&apikey=QjD_Isd8mrkdv85s30J0r7qeGcApznGf "HTTP/2 200 OK"
2025-09-14 19:58:59,747 - httpx - INFO - HTTP Request: GET https://api.polygon.io/v2/aggs/ticker/AAPL/range/1/day/2025-09-13/2025-09-13?adjusted=false&sort=asc&limit=1&apikey=QjD_Isd8mrkdv85s30J0r7qeGcApznGf "HTTP/2 200 OK"
2025-09-14 19:58:59,756 - backfill_async - INFO - Wrote 1 rows to database
2025-09-14 19:58:59,756 - backfill_async - INFO - Backfill complete: 1/1 successful, 0 failed, 1 rows written
2025-09-14 19:58:59,756 - backfill_async - INFO - Backfill completed in 0.48 seconds
2025-09-14 19:58:59,756 - backfill_async - INFO - Summary: {'total_requests': 1, 'successful': 1, 'failed': 0, 'rows_written': 1}
2025-09-14 20:08:17,728 - journal.services.profile_service - INFO - [36mextra[0m=[35m{'profile_id': 19, 'name': 'Test B', 'logger': 'journal.services.profile_service', 'level': 'info'}[0m [36mmsg[0m=[35m'Switching to profile'[0m
2025-09-14 20:08:17,737 - journal.services.profile_service - INFO - [36mextra[0m=[35m{'profile_id': 19, 'name': 'Test B', 'logger': 'journal.services.profile_service', 'level': 'info'}[0m [36mmsg[0m=[35m'Switching to profile'[0m
2025-09-14 20:08:32,960 - journal.services.profile_service - INFO - [36mextra[0m=[35m{'profile_id': 13, 'name': 'CSV Test Trader 1757809379', 'logger': 'journal.services.profile_service', 'level': 'info'}[0m [36mmsg[0m=[35m'Switching to profile'[0m
2025-09-14 20:08:32,961 - journal.services.profile_service - INFO - [36mextra[0m=[35m{'profile_id': 13, 'name': 'CSV Test Trader 1757809379', 'logger': 'journal.services.profile_service', 'level': 'info'}[0m [36mmsg[0m=[35m'Switching to profile'[0m
2025-09-14 20:08:34,286 - journal.services.profile_service - INFO - [36mextra[0m=[35m{'profile_id': 16, 'name': 'Default', 'logger': 'journal.services.profile_service', 'level': 'info'}[0m [36mmsg[0m=[35m'Switching to profile'[0m
2025-09-14 20:08:34,286 - journal.services.profile_service - INFO - [36mextra[0m=[35m{'profile_id': 16, 'name': 'Default', 'logger': 'journal.services.profile_service', 'level': 'info'}[0m [36mmsg[0m=[35m'Switching to profile'[0m
2025-09-14 20:08:37,050 - journal.services.profile_service - INFO - [36mextra[0m=[35m{'profile_id': 15, 'name': 'Isolation Test 2 1757809379', 'logger': 'journal.services.profile_service', 'level': 'info'}[0m [36mmsg[0m=[35m'Switching to profile'[0m
2025-09-14 20:08:37,050 - journal.services.profile_service - INFO - [36mextra[0m=[35m{'profile_id': 15, 'name': 'Isolation Test 2 1757809379', 'logger': 'journal.services.profile_service', 'level': 'info'}[0m [36mmsg[0m=[35m'Switching to profile'[0m
2025-09-14 20:08:38,525 - journal.services.profile_service - INFO - [36mextra[0m=[35m{'profile_id': 16, 'name': 'Default', 'logger': 'journal.services.profile_service', 'level': 'info'}[0m [36mmsg[0m=[35m'Switching to profile'[0m
2025-09-14 20:08:38,526 - journal.services.profile_service - INFO - [36mextra[0m=[35m{'profile_id': 16, 'name': 'Default', 'logger': 'journal.services.profile_service', 'level': 'info'}[0m [36mmsg[0m=[35m'Switching to profile'[0m
2025-09-14 20:08:54,201 - backfill_async - INFO - Starting backfill for 171 requests
2025-09-14 20:08:55,018 - httpx - INFO - HTTP Request: GET https://api.polygon.io/v2/aggs/ticker/QMMM/range/1/day/2025-09-11/2025-09-11?adjusted=false&sort=asc&limit=1&apikey=QjD_Isd8mrkdv85s30J0r7qeGcApznGf "HTTP/2 200 OK"
2025-09-14 20:08:55,021 - httpx - INFO - HTTP Request: GET https://api.polygon.io/v2/aggs/ticker/MOGU/range/1/day/2025-09-11/2025-09-11?adjusted=false&sort=asc&limit=1&apikey=QjD_Isd8mrkdv85s30J0r7qeGcApznGf "HTTP/2 200 OK"
2025-09-14 20:08:55,040 - httpx - INFO - HTTP Request: GET https://api.polygon.io/v2/aggs/ticker/KZIA/range/1/day/2025-09-11/2025-09-11?adjusted=false&sort=asc&limit=1&apikey=QjD_Isd8mrkdv85s30J0r7qeGcApznGf "HTTP/2 200 OK"
2025-09-14 20:08:55,041 - httpx - INFO - HTTP Request: GET https://api.polygon.io/v2/aggs/ticker/GMM/range/1/day/2025-09-11/2025-09-11?adjusted=false&sort=asc&limit=1&apikey=QjD_Isd8mrkdv85s30J0r7qeGcApznGf "HTTP/2 200 OK"
2025-09-14 20:08:55,042 - httpx - INFO - HTTP Request: GET https://api.polygon.io/v2/aggs/ticker/OCTO/range/1/day/2025-09-10/2025-09-10?adjusted=false&sort=asc&limit=1&apikey=QjD_Isd8mrkdv85s30J0r7qeGcApznGf "HTTP/2 200 OK"
2025-09-14 20:08:55,042 - httpx - INFO - HTTP Request: GET https://api.polygon.io/v2/aggs/ticker/TOP/range/1/day/2025-09-10/2025-09-10?adjusted=false&sort=asc&limit=1&apikey=QjD_Isd8mrkdv85s30J0r7qeGcApznGf "HTTP/2 200 OK"
2025-09-14 20:08:55,043 - httpx - INFO - HTTP Request: GET https://api.polygon.io/v2/aggs/ticker/NXTT/range/30/minute/1757577600000/1757635200000?adjusted=false&sort=asc&limit=1000&apikey=QjD_Isd8mrkdv85s30J0r7qeGcApznGf "HTTP/2 200 OK"
2025-09-14 20:08:55,044 - httpx - INFO - HTTP Request: GET https://api.polygon.io/v2/aggs/ticker/SLXN/range/1/day/2025-09-11/2025-09-11?adjusted=false&sort=asc&limit=1&apikey=QjD_Isd8mrkdv85s30J0r7qeGcApznGf "HTTP/2 200 OK"
2025-09-14 20:08:55,044 - httpx - INFO - HTTP Request: GET https://api.polygon.io/v2/aggs/ticker/WLDS/range/1/day/2025-09-11/2025-09-11?adjusted=false&sort=asc&limit=1&apikey=QjD_Isd8mrkdv85s30J0r7qeGcApznGf "HTTP/2 200 OK"
2025-09-14 20:08:55,045 - httpx - INFO - HTTP Request: GET https://api.polygon.io/v2/aggs/ticker/VNCE/range/1/day/2025-09-11/2025-09-11?adjusted=false&sort=asc&limit=1&apikey=QjD_Isd8mrkdv85s30J0r7qeGcApznGf "HTTP/2 200 OK"
2025-09-14 20:08:55,046 - httpx - INFO - HTTP Request: GET https://api.polygon.io/v2/aggs/ticker/KZIA/range/30/minute/1757577600000/1757635200000?adjusted=false&sort=asc&limit=1000&apikey=QjD_Isd8mrkdv85s30J0r7qeGcApznGf "HTTP/2 200 OK"
2025-09-14 20:08:55,047 - httpx - INFO - HTTP Request: GET https://api.polygon.io/v2/aggs/ticker/AMST/range/1/day/2025-09-11/2025-09-11?adjusted=false&sort=asc&limit=1&apikey=QjD_Isd8mrkdv85s30J0r7qeGcApznGf "HTTP/2 200 OK"
2025-09-14 20:08:55,047 - httpx - INFO - HTTP Request: GET https://api.polygon.io/v2/aggs/ticker/TWG/range/1/day/2025-09-11/2025-09-11?adjusted=false&sort=asc&limit=1&apikey=QjD_Isd8mrkdv85s30J0r7qeGcApznGf "HTTP/2 200 OK"
2025-09-14 20:08:55,048 - httpx - INFO - HTTP Request: GET https://api.polygon.io/v2/aggs/ticker/NXTT/range/1/day/2025-09-11/2025-09-11?adjusted=false&sort=asc&limit=1&apikey=QjD_Isd8mrkdv85s30J0r7qeGcApznGf "HTTP/2 200 OK"
2025-09-14 20:08:55,049 - httpx - INFO - HTTP Request: GET https://api.polygon.io/v2/aggs/ticker/QMMM/range/30/minute/1757577600000/1757635200000?adjusted=false&sort=asc&limit=1000&apikey=QjD_Isd8mrkdv85s30J0r7qeGcApznGf "HTTP/2 200 OK"
2025-09-14 20:08:55,049 - httpx - INFO - HTTP Request: GET https://api.polygon.io/v2/aggs/ticker/WLDS/range/30/minute/1757577600000/1757635200000?adjusted=false&sort=asc&limit=1000&apikey=QjD_Isd8mrkdv85s30J0r7qeGcApznGf "HTTP/2 200 OK"
2025-09-14 20:08:55,050 - httpx - INFO - HTTP Request: GET https://api.polygon.io/v2/aggs/ticker/MOGU/range/30/minute/1757577600000/1757635200000?adjusted=false&sort=asc&limit=1000&apikey=QjD_Isd8mrkdv85s30J0r7qeGcApznGf "HTTP/2 200 OK"
2025-09-14 20:08:55,050 - httpx - INFO - HTTP Request: GET https://api.polygon.io/v2/aggs/ticker/VNCE/range/30/minute/1757577600000/1757635200000?adjusted=false&sort=asc&limit=1000&apikey=QjD_Isd8mrkdv85s30J0r7qeGcApznGf "HTTP/2 200 OK"
2025-09-14 20:08:55,050 - httpx - INFO - HTTP Request: GET https://api.polygon.io/v2/aggs/ticker/AMST/range/30/minute/1757577600000/1757635200000?adjusted=false&sort=asc&limit=1000&apikey=QjD_Isd8mrkdv85s30J0r7qeGcApznGf "HTTP/2 200 OK"
2025-09-14 20:08:55,051 - httpx - INFO - HTTP Request: GET https://api.polygon.io/v2/aggs/ticker/TOP/range/30/minute/1757491200000/1757548800000?adjusted=false&sort=asc&limit=1000&apikey=QjD_Isd8mrkdv85s30J0r7qeGcApznGf "HTTP/2 200 OK"
2025-09-14 20:08:55,053 - httpx - INFO - HTTP Request: GET https://api.polygon.io/v2/aggs/ticker/TWG/range/30/minute/1757577600000/1757635200000?adjusted=false&sort=asc&limit=1000&apikey=QjD_Isd8mrkdv85s30J0r7qeGcApznGf "HTTP/2 200 OK"
2025-09-14 20:08:55,054 - httpx - INFO - HTTP Request: GET https://api.polygon.io/v2/aggs/ticker/GMM/range/30/minute/1757577600000/1757635200000?adjusted=false&sort=asc&limit=1000&apikey=QjD_Isd8mrkdv85s30J0r7qeGcApznGf "HTTP/2 200 OK"
2025-09-14 20:08:55,061 - httpx - INFO - HTTP Request: GET https://api.polygon.io/v2/aggs/ticker/OCTO/range/30/minute/1757491200000/1757548800000?adjusted=false&sort=asc&limit=1000&apikey=QjD_Isd8mrkdv85s30J0r7qeGcApznGf "HTTP/2 200 OK"
2025-09-14 20:08:55,062 - httpx - INFO - HTTP Request: GET https://api.polygon.io/v2/aggs/ticker/SLXN/range/30/minute/1757577600000/1757635200000?adjusted=false&sort=asc&limit=1000&apikey=QjD_Isd8mrkdv85s30J0r7qeGcApznGf "HTTP/2 200 OK"
2025-09-14 20:08:55,094 - httpx - INFO - HTTP Request: GET https://api.polygon.io/v2/aggs/ticker/HUDI/range/1/day/2025-09-10/2025-09-10?adjusted=false&sort=asc&limit=1&apikey=QjD_Isd8mrkdv85s30J0r7qeGcApznGf "HTTP/2 200 OK"
2025-09-14 20:08:55,095 - httpx - INFO - HTTP Request: GET https://api.polygon.io/v2/aggs/ticker/GLE/range/1/day/2025-09-10/2025-09-10?adjusted=false&sort=asc&limit=1&apikey=QjD_Isd8mrkdv85s30J0r7qeGcApznGf "HTTP/2 200 OK"
2025-09-14 20:08:55,096 - httpx - INFO - HTTP Request: GET https://api.polygon.io/v2/aggs/ticker/WLDS/range/1/day/2025-09-10/2025-09-10?adjusted=false&sort=asc&limit=1&apikey=QjD_Isd8mrkdv85s30J0r7qeGcApznGf "HTTP/2 200 OK"
2025-09-14 20:08:55,098 - httpx - INFO - HTTP Request: GET https://api.polygon.io/v2/aggs/ticker/CAMP/range/1/day/2025-09-10/2025-09-10?adjusted=false&sort=asc&limit=1&apikey=QjD_Isd8mrkdv85s30J0r7qeGcApznGf "HTTP/2 200 OK"
2025-09-14 20:08:55,101 - httpx - INFO - HTTP Request: GET https://api.polygon.io/v2/aggs/ticker/CUPR/range/1/day/2025-09-10/2025-09-10?adjusted=false&sort=asc&limit=1&apikey=QjD_Isd8mrkdv85s30J0r7qeGcApznGf "HTTP/2 200 OK"
2025-09-14 20:08:55,103 - httpx - INFO - HTTP Request: GET https://api.polygon.io/v2/aggs/ticker/MWYN/range/1/day/2025-09-10/2025-09-10?adjusted=false&sort=asc&limit=1&apikey=QjD_Isd8mrkdv85s30J0r7qeGcApznGf "HTTP/2 200 OK"
2025-09-14 20:08:55,103 - httpx - INFO - HTTP Request: GET https://api.polygon.io/v2/aggs/ticker/JBDI/range/1/day/2025-09-10/2025-09-10?adjusted=false&sort=asc&limit=1&apikey=QjD_Isd8mrkdv85s30J0r7qeGcApznGf "HTTP/2 200 OK"
2025-09-14 20:08:55,114 - httpx - INFO - HTTP Request: GET https://api.polygon.io/v2/aggs/ticker/ASST/range/1/day/2025-09-10/2025-09-10?adjusted=false&sort=asc&limit=1&apikey=QjD_Isd8mrkdv85s30J0r7qeGcApznGf "HTTP/2 200 OK"
2025-09-14 20:08:55,115 - httpx - INFO - HTTP Request: GET https://api.polygon.io/v2/aggs/ticker/AEHL/range/1/day/2025-09-10/2025-09-10?adjusted=false&sort=asc&limit=1&apikey=QjD_Isd8mrkdv85s30J0r7qeGcApznGf "HTTP/2 200 OK"
2025-09-14 20:08:55,115 - httpx - INFO - HTTP Request: GET https://api.polygon.io/v2/aggs/ticker/EDHL/range/1/day/2025-09-10/2025-09-10?adjusted=false&sort=asc&limit=1&apikey=QjD_Isd8mrkdv85s30J0r7qeGcApznGf "HTTP/2 200 OK"
2025-09-14 20:08:55,116 - httpx - INFO - HTTP Request: GET https://api.polygon.io/v2/aggs/ticker/CCTG/range/1/day/2025-09-10/2025-09-10?adjusted=false&sort=asc&limit=1&apikey=QjD_Isd8mrkdv85s30J0r7qeGcApznGf "HTTP/2 200 OK"
2025-09-14 20:08:55,118 - httpx - INFO - HTTP Request: GET https://api.polygon.io/v2/aggs/ticker/LGCL/range/1/day/2025-09-09/2025-09-09?adjusted=false&sort=asc&limit=1&apikey=QjD_Isd8mrkdv85s30J0r7qeGcApznGf "HTTP/2 200 OK"
2025-09-14 20:08:55,118 - httpx - INFO - HTTP Request: GET https://api.polygon.io/v2/aggs/ticker/HUDI/range/30/minute/1757491200000/1757548800000?adjusted=false&sort=asc&limit=1000&apikey=QjD_Isd8mrkdv85s30J0r7qeGcApznGf "HTTP/2 200 OK"
2025-09-14 20:08:55,119 - httpx - INFO - HTTP Request: GET https://api.polygon.io/v2/aggs/ticker/MWYN/range/30/minute/1757491200000/1757548800000?adjusted=false&sort=asc&limit=1000&apikey=QjD_Isd8mrkdv85s30J0r7qeGcApznGf "HTTP/2 200 OK"
2025-09-14 20:08:55,119 - httpx - INFO - HTTP Request: GET https://api.polygon.io/v2/aggs/ticker/JBDI/range/30/minute/1757491200000/1757548800000?adjusted=false&sort=asc&limit=1000&apikey=QjD_Isd8mrkdv85s30J0r7qeGcApznGf "HTTP/2 200 OK"
2025-09-14 20:08:55,119 - httpx - INFO - HTTP Request: GET https://api.polygon.io/v2/aggs/ticker/GLE/range/30/minute/1757491200000/1757548800000?adjusted=false&sort=asc&limit=1000&apikey=QjD_Isd8mrkdv85s30J0r7qeGcApznGf "HTTP/2 200 OK"
2025-09-14 20:08:55,120 - httpx - INFO - HTTP Request: GET https://api.polygon.io/v2/aggs/ticker/WLDS/range/30/minute/1757491200000/1757548800000?adjusted=false&sort=asc&limit=1000&apikey=QjD_Isd8mrkdv85s30J0r7qeGcApznGf "HTTP/2 200 OK"
2025-09-14 20:08:55,122 - httpx - INFO - HTTP Request: GET https://api.polygon.io/v2/aggs/ticker/CUPR/range/30/minute/1757491200000/1757548800000?adjusted=false&sort=asc&limit=1000&apikey=QjD_Isd8mrkdv85s30J0r7qeGcApznGf "HTTP/2 200 OK"
2025-09-14 20:08:55,122 - httpx - INFO - HTTP Request: GET https://api.polygon.io/v2/aggs/ticker/CAMP/range/30/minute/1757491200000/1757548800000?adjusted=false&sort=asc&limit=1000&apikey=QjD_Isd8mrkdv85s30J0r7qeGcApznGf "HTTP/2 200 OK"
2025-09-14 20:08:55,123 - httpx - INFO - HTTP Request: GET https://api.polygon.io/v2/aggs/ticker/AEHL/range/30/minute/1757491200000/1757548800000?adjusted=false&sort=asc&limit=1000&apikey=QjD_Isd8mrkdv85s30J0r7qeGcApznGf "HTTP/2 200 OK"
2025-09-14 20:08:55,128 - httpx - INFO - HTTP Request: GET https://api.polygon.io/v2/aggs/ticker/ASST/range/30/minute/1757491200000/1757548800000?adjusted=false&sort=asc&limit=1000&apikey=QjD_Isd8mrkdv85s30J0r7qeGcApznGf "HTTP/2 200 OK"
2025-09-14 20:08:55,130 - httpx - INFO - HTTP Request: GET https://api.polygon.io/v2/aggs/ticker/CCTG/range/30/minute/1757491200000/1757548800000?adjusted=false&sort=asc&limit=1000&apikey=QjD_Isd8mrkdv85s30J0r7qeGcApznGf "HTTP/2 200 OK"
2025-09-14 20:08:55,131 - httpx - INFO - HTTP Request: GET https://api.polygon.io/v2/aggs/ticker/LGCL/range/30/minute/1757404800000/1757462400000?adjusted=false&sort=asc&limit=1000&apikey=QjD_Isd8mrkdv85s30J0r7qeGcApznGf "HTTP/2 200 OK"
2025-09-14 20:08:55,135 - httpx - INFO - HTTP Request: GET https://api.polygon.io/v2/aggs/ticker/EDHL/range/30/minute/1757491200000/1757548800000?adjusted=false&sort=asc&limit=1000&apikey=QjD_Isd8mrkdv85s30J0r7qeGcApznGf "HTTP/2 200 OK"
2025-09-14 20:08:55,161 - httpx - INFO - HTTP Request: GET https://api.polygon.io/v2/aggs/ticker/QMMM/range/1/day/2025-09-09/2025-09-09?adjusted=false&sort=asc&limit=1&apikey=QjD_Isd8mrkdv85s30J0r7qeGcApznGf "HTTP/2 200 OK"
2025-09-14 20:08:55,162 - httpx - INFO - HTTP Request: GET https://api.polygon.io/v2/aggs/ticker/XHG/range/1/day/2025-09-09/2025-09-09?adjusted=false&sort=asc&limit=1&apikey=QjD_Isd8mrkdv85s30J0r7qeGcApznGf "HTTP/2 200 OK"
2025-09-14 20:08:55,169 - httpx - INFO - HTTP Request: GET https://api.polygon.io/v2/aggs/ticker/STEC/range/1/day/2025-09-09/2025-09-09?adjusted=false&sort=asc&limit=1&apikey=QjD_Isd8mrkdv85s30J0r7qeGcApznGf "HTTP/2 200 OK"
2025-09-14 20:08:55,173 - httpx - INFO - HTTP Request: GET https://api.polygon.io/v2/aggs/ticker/RECT/range/1/day/2025-09-08/2025-09-08?adjusted=false&sort=asc&limit=1&apikey=QjD_Isd8mrkdv85s30J0r7qeGcApznGf "HTTP/2 200 OK"
2025-09-14 20:08:55,174 - httpx - INFO - HTTP Request: GET https://api.polygon.io/v2/aggs/ticker/ISPC/range/1/day/2025-09-09/2025-09-09?adjusted=false&sort=asc&limit=1&apikey=QjD_Isd8mrkdv85s30J0r7qeGcApznGf "HTTP/2 200 OK"
2025-09-14 20:08:55,174 - httpx - INFO - HTTP Request: GET https://api.polygon.io/v2/aggs/ticker/ZNB/range/1/day/2025-09-09/2025-09-09?adjusted=false&sort=asc&limit=1&apikey=QjD_Isd8mrkdv85s30J0r7qeGcApznGf "HTTP/2 200 OK"
2025-09-14 20:08:55,178 - httpx - INFO - HTTP Request: GET https://api.polygon.io/v2/aggs/ticker/CWD/range/1/day/2025-09-09/2025-09-09?adjusted=false&sort=asc&limit=1&apikey=QjD_Isd8mrkdv85s30J0r7qeGcApznGf "HTTP/2 200 OK"
2025-09-14 20:08:55,180 - httpx - INFO - HTTP Request: GET https://api.polygon.io/v2/aggs/ticker/YOUL/range/1/day/2025-09-09/2025-09-09?adjusted=false&sort=asc&limit=1&apikey=QjD_Isd8mrkdv85s30J0r7qeGcApznGf "HTTP/2 200 OK"
2025-09-14 20:08:55,180 - httpx - INFO - HTTP Request: GET https://api.polygon.io/v2/aggs/ticker/DSY/range/1/day/2025-09-09/2025-09-09?adjusted=false&sort=asc&limit=1&apikey=QjD_Isd8mrkdv85s30J0r7qeGcApznGf "HTTP/2 200 OK"
2025-09-14 20:08:55,181 - httpx - INFO - HTTP Request: GET https://api.polygon.io/v2/aggs/ticker/WOLF/range/1/day/2025-09-09/2025-09-09?adjusted=false&sort=asc&limit=1&apikey=QjD_Isd8mrkdv85s30J0r7qeGcApznGf "HTTP/2 200 OK"
2025-09-14 20:08:55,182 - httpx - INFO - HTTP Request: GET https://api.polygon.io/v2/aggs/ticker/OCTO/range/1/day/2025-09-08/2025-09-08?adjusted=false&sort=asc&limit=1&apikey=QjD_Isd8mrkdv85s30J0r7qeGcApznGf "HTTP/2 200 OK"
2025-09-14 20:08:55,182 - httpx - INFO - HTTP Request: GET https://api.polygon.io/v2/aggs/ticker/XAIR/range/1/day/2025-09-08/2025-09-08?adjusted=false&sort=asc&limit=1&apikey=QjD_Isd8mrkdv85s30J0r7qeGcApznGf "HTTP/2 200 OK"
2025-09-14 20:08:55,183 - httpx - INFO - HTTP Request: GET https://api.polygon.io/v2/aggs/ticker/ISPC/range/30/minute/1757404800000/1757462400000?adjusted=false&sort=asc&limit=1000&apikey=QjD_Isd8mrkdv85s30J0r7qeGcApznGf "HTTP/2 200 OK"
2025-09-14 20:08:55,183 - httpx - INFO - HTTP Request: GET https://api.polygon.io/v2/aggs/ticker/ZNB/range/30/minute/1757404800000/1757462400000?adjusted=false&sort=asc&limit=1000&apikey=QjD_Isd8mrkdv85s30J0r7qeGcApznGf "HTTP/2 200 OK"
2025-09-14 20:08:55,183 - httpx - INFO - HTTP Request: GET https://api.polygon.io/v2/aggs/ticker/QMMM/range/30/minute/1757404800000/1757462400000?adjusted=false&sort=asc&limit=1000&apikey=QjD_Isd8mrkdv85s30J0r7qeGcApznGf "HTTP/2 200 OK"
2025-09-14 20:08:55,184 - httpx - INFO - HTTP Request: GET https://api.polygon.io/v2/aggs/ticker/XHG/range/30/minute/1757404800000/1757462400000?adjusted=false&sort=asc&limit=1000&apikey=QjD_Isd8mrkdv85s30J0r7qeGcApznGf "HTTP/2 200 OK"
2025-09-14 20:08:55,184 - httpx - INFO - HTTP Request: GET https://api.polygon.io/v2/aggs/ticker/YOUL/range/30/minute/1757404800000/1757462400000?adjusted=false&sort=asc&limit=1000&apikey=QjD_Isd8mrkdv85s30J0r7qeGcApznGf "HTTP/2 200 OK"
2025-09-14 20:08:55,187 - httpx - INFO - HTTP Request: GET https://api.polygon.io/v2/aggs/ticker/DSY/range/30/minute/1757404800000/1757462400000?adjusted=false&sort=asc&limit=1000&apikey=QjD_Isd8mrkdv85s30J0r7qeGcApznGf "HTTP/2 200 OK"
2025-09-14 20:08:55,192 - httpx - INFO - HTTP Request: GET https://api.polygon.io/v2/aggs/ticker/STEC/range/30/minute/1757404800000/1757462400000?adjusted=false&sort=asc&limit=1000&apikey=QjD_Isd8mrkdv85s30J0r7qeGcApznGf "HTTP/2 200 OK"
2025-09-14 20:08:55,195 - httpx - INFO - HTTP Request: GET https://api.polygon.io/v2/aggs/ticker/XAIR/range/30/minute/1757318400000/1757376000000?adjusted=false&sort=asc&limit=1000&apikey=QjD_Isd8mrkdv85s30J0r7qeGcApznGf "HTTP/2 200 OK"
2025-09-14 20:08:55,195 - httpx - INFO - HTTP Request: GET https://api.polygon.io/v2/aggs/ticker/CWD/range/30/minute/1757404800000/1757462400000?adjusted=false&sort=asc&limit=1000&apikey=QjD_Isd8mrkdv85s30J0r7qeGcApznGf "HTTP/2 200 OK"
2025-09-14 20:08:55,200 - httpx - INFO - HTTP Request: GET https://api.polygon.io/v2/aggs/ticker/OCTO/range/30/minute/1757318400000/1757376000000?adjusted=false&sort=asc&limit=1000&apikey=QjD_Isd8mrkdv85s30J0r7qeGcApznGf "HTTP/2 200 OK"
2025-09-14 20:08:55,203 - httpx - INFO - HTTP Request: GET https://api.polygon.io/v2/aggs/ticker/RECT/range/30/minute/1757318400000/1757376000000?adjusted=false&sort=asc&limit=1000&apikey=QjD_Isd8mrkdv85s30J0r7qeGcApznGf "HTTP/2 200 OK"
2025-09-14 20:08:55,225 - httpx - INFO - HTTP Request: GET https://api.polygon.io/v2/aggs/ticker/WOLF/range/30/minute/1757404800000/1757462400000?adjusted=false&sort=asc&limit=1000&apikey=QjD_Isd8mrkdv85s30J0r7qeGcApznGf "HTTP/2 200 OK"
2025-09-14 20:08:55,231 - httpx - INFO - HTTP Request: GET https://api.polygon.io/v2/aggs/ticker/HOUR/range/1/day/2025-09-05/2025-09-05?adjusted=false&sort=asc&limit=1&apikey=QjD_Isd8mrkdv85s30J0r7qeGcApznGf "HTTP/2 200 OK"
2025-09-14 20:08:55,233 - httpx - INFO - HTTP Request: GET https://api.polygon.io/v2/aggs/ticker/QMMM/range/1/day/2025-09-04/2025-09-04?adjusted=false&sort=asc&limit=1&apikey=QjD_Isd8mrkdv85s30J0r7qeGcApznGf "HTTP/2 200 OK"
2025-09-14 20:08:55,234 - httpx - INFO - HTTP Request: GET https://api.polygon.io/v2/aggs/ticker/SSM/range/1/day/2025-09-05/2025-09-05?adjusted=false&sort=asc&limit=1&apikey=QjD_Isd8mrkdv85s30J0r7qeGcApznGf "HTTP/2 200 OK"
2025-09-14 20:08:55,235 - httpx - INFO - HTTP Request: GET https://api.polygon.io/v2/aggs/ticker/PRSO/range/1/day/2025-09-05/2025-09-05?adjusted=false&sort=asc&limit=1&apikey=QjD_Isd8mrkdv85s30J0r7qeGcApznGf "HTTP/2 200 OK"
2025-09-14 20:08:55,236 - httpx - INFO - HTTP Request: GET https://api.polygon.io/v2/aggs/ticker/SCAG/range/1/day/2025-09-05/2025-09-05?adjusted=false&sort=asc&limit=1&apikey=QjD_Isd8mrkdv85s30J0r7qeGcApznGf "HTTP/2 200 OK"
2025-09-14 20:08:55,239 - httpx - INFO - HTTP Request: GET https://api.polygon.io/v2/aggs/ticker/NBY/range/1/day/2025-09-04/2025-09-04?adjusted=false&sort=asc&limit=1&apikey=QjD_Isd8mrkdv85s30J0r7qeGcApznGf "HTTP/2 200 OK"
2025-09-14 20:08:55,246 - httpx - INFO - HTTP Request: GET https://api.polygon.io/v2/aggs/ticker/HOUR/range/1/day/2025-09-04/2025-09-04?adjusted=false&sort=asc&limit=1&apikey=QjD_Isd8mrkdv85s30J0r7qeGcApznGf "HTTP/2 200 OK"
2025-09-14 20:08:55,246 - httpx - INFO - HTTP Request: GET https://api.polygon.io/v2/aggs/ticker/INHD/range/1/day/2025-09-04/2025-09-04?adjusted=false&sort=asc&limit=1&apikey=QjD_Isd8mrkdv85s30J0r7qeGcApznGf "HTTP/2 200 OK"
2025-09-14 20:08:55,248 - httpx - INFO - HTTP Request: GET https://api.polygon.io/v2/aggs/ticker/NEON/range/1/day/2025-09-04/2025-09-04?adjusted=false&sort=asc&limit=1&apikey=QjD_Isd8mrkdv85s30J0r7qeGcApznGf "HTTP/2 200 OK"
2025-09-14 20:08:55,248 - httpx - INFO - HTTP Request: GET https://api.polygon.io/v2/aggs/ticker/QMMM/range/30/minute/1756972800000/1757030400000?adjusted=false&sort=asc&limit=1000&apikey=QjD_Isd8mrkdv85s30J0r7qeGcApznGf "HTTP/2 200 OK"
2025-09-14 20:08:55,249 - httpx - INFO - HTTP Request: GET https://api.polygon.io/v2/aggs/ticker/SSM/range/30/minute/1757059200000/1757116800000?adjusted=false&sort=asc&limit=1000&apikey=QjD_Isd8mrkdv85s30J0r7qeGcApznGf "HTTP/2 200 OK"
2025-09-14 20:08:55,250 - httpx - INFO - HTTP Request: GET https://api.polygon.io/v2/aggs/ticker/DLTH/range/1/day/2025-09-04/2025-09-04?adjusted=false&sort=asc&limit=1&apikey=QjD_Isd8mrkdv85s30J0r7qeGcApznGf "HTTP/2 200 OK"
2025-09-14 20:08:55,251 - httpx - INFO - HTTP Request: GET https://api.polygon.io/v2/aggs/ticker/CIGL/range/1/day/2025-09-04/2025-09-04?adjusted=false&sort=asc&limit=1&apikey=QjD_Isd8mrkdv85s30J0r7qeGcApznGf "HTTP/2 200 OK"
2025-09-14 20:08:55,252 - httpx - INFO - HTTP Request: GET https://api.polygon.io/v2/aggs/ticker/SCAG/range/30/minute/1757059200000/1757116800000?adjusted=false&sort=asc&limit=1000&apikey=QjD_Isd8mrkdv85s30J0r7qeGcApznGf "HTTP/2 200 OK"
2025-09-14 20:08:55,253 - httpx - INFO - HTTP Request: GET https://api.polygon.io/v2/aggs/ticker/NBY/range/30/minute/1756972800000/1757030400000?adjusted=false&sort=asc&limit=1000&apikey=QjD_Isd8mrkdv85s30J0r7qeGcApznGf "HTTP/2 200 OK"
2025-09-14 20:08:55,255 - httpx - INFO - HTTP Request: GET https://api.polygon.io/v2/aggs/ticker/HOUR/range/30/minute/1757059200000/1757116800000?adjusted=false&sort=asc&limit=1000&apikey=QjD_Isd8mrkdv85s30J0r7qeGcApznGf "HTTP/2 200 OK"
2025-09-14 20:08:55,255 - httpx - INFO - HTTP Request: GET https://api.polygon.io/v2/aggs/ticker/HOUR/range/30/minute/1756972800000/1757030400000?adjusted=false&sort=asc&limit=1000&apikey=QjD_Isd8mrkdv85s30J0r7qeGcApznGf "HTTP/2 200 OK"
2025-09-14 20:08:55,255 - httpx - INFO - HTTP Request: GET https://api.polygon.io/v2/aggs/ticker/INHD/range/30/minute/1756972800000/1757030400000?adjusted=false&sort=asc&limit=1000&apikey=QjD_Isd8mrkdv85s30J0r7qeGcApznGf "HTTP/2 200 OK"
2025-09-14 20:08:55,256 - httpx - INFO - HTTP Request: GET https://api.polygon.io/v2/aggs/ticker/PRSO/range/30/minute/1757059200000/1757116800000?adjusted=false&sort=asc&limit=1000&apikey=QjD_Isd8mrkdv85s30J0r7qeGcApznGf "HTTP/2 200 OK"
2025-09-14 20:08:55,265 - httpx - INFO - HTTP Request: GET https://api.polygon.io/v2/aggs/ticker/NEON/range/30/minute/1756972800000/1757030400000?adjusted=false&sort=asc&limit=1000&apikey=QjD_Isd8mrkdv85s30J0r7qeGcApznGf "HTTP/2 200 OK"
2025-09-14 20:08:55,265 - httpx - INFO - HTTP Request: GET https://api.polygon.io/v2/aggs/ticker/DLTH/range/30/minute/1756972800000/1757030400000?adjusted=false&sort=asc&limit=1000&apikey=QjD_Isd8mrkdv85s30J0r7qeGcApznGf "HTTP/2 200 OK"
2025-09-14 20:08:55,266 - httpx - INFO - HTTP Request: GET https://api.polygon.io/v2/aggs/ticker/CIGL/range/30/minute/1756972800000/1757030400000?adjusted=false&sort=asc&limit=1000&apikey=QjD_Isd8mrkdv85s30J0r7qeGcApznGf "HTTP/2 200 OK"
2025-09-14 20:08:55,280 - backfill_async - ERROR - Unexpected error processing ZNB:2025-09-04: <ConnectionTerminated error_code:0, last_stream_id:199, additional_data:None>
2025-09-14 20:08:55,280 - backfill_async - ERROR - Unexpected error processing BBLG:2025-09-04: <ConnectionTerminated error_code:0, last_stream_id:199, additional_data:None>
2025-09-14 20:08:55,281 - backfill_async - ERROR - Unexpected error processing NEON:2025-09-03: <ConnectionTerminated error_code:0, last_stream_id:199, additional_data:None>
2025-09-14 20:08:55,423 - httpx - INFO - HTTP Request: GET https://api.polygon.io/v2/aggs/ticker/SMTK/range/1/day/2025-09-02/2025-09-02?adjusted=false&sort=asc&limit=1&apikey=QjD_Isd8mrkdv85s30J0r7qeGcApznGf "HTTP/2 200 OK"
2025-09-14 20:08:55,424 - httpx - INFO - HTTP Request: GET https://api.polygon.io/v2/aggs/ticker/UGRO/range/1/day/2025-09-03/2025-09-03?adjusted=false&sort=asc&limit=1&apikey=QjD_Isd8mrkdv85s30J0r7qeGcApznGf "HTTP/2 200 OK"
2025-09-14 20:08:55,450 - httpx - INFO - HTTP Request: GET https://api.polygon.io/v2/aggs/ticker/NBY/range/1/day/2025-09-03/2025-09-03?adjusted=false&sort=asc&limit=1&apikey=QjD_Isd8mrkdv85s30J0r7qeGcApznGf "HTTP/2 200 OK"
2025-09-14 20:08:55,451 - httpx - INFO - HTTP Request: GET https://api.polygon.io/v2/aggs/ticker/STI/range/1/day/2025-09-03/2025-09-03?adjusted=false&sort=asc&limit=1&apikey=QjD_Isd8mrkdv85s30J0r7qeGcApznGf "HTTP/2 200 OK"
2025-09-14 20:08:55,451 - httpx - INFO - HTTP Request: GET https://api.polygon.io/v2/aggs/ticker/UGRO/range/1/day/2025-09-02/2025-09-02?adjusted=false&sort=asc&limit=1&apikey=QjD_Isd8mrkdv85s30J0r7qeGcApznGf "HTTP/2 200 OK"
2025-09-14 20:08:55,452 - httpx - INFO - HTTP Request: GET https://api.polygon.io/v2/aggs/ticker/BRIA/range/1/day/2025-09-03/2025-09-03?adjusted=false&sort=asc&limit=1&apikey=QjD_Isd8mrkdv85s30J0r7qeGcApznGf "HTTP/2 200 OK"
2025-09-14 20:08:55,452 - httpx - INFO - HTTP Request: GET https://api.polygon.io/v2/aggs/ticker/GRYP/range/1/day/2025-09-02/2025-09-02?adjusted=false&sort=asc&limit=1&apikey=QjD_Isd8mrkdv85s30J0r7qeGcApznGf "HTTP/2 200 OK"
2025-09-14 20:08:55,453 - httpx - INFO - HTTP Request: GET https://api.polygon.io/v2/aggs/ticker/ABTC/range/1/day/2025-09-03/2025-09-03?adjusted=false&sort=asc&limit=1&apikey=QjD_Isd8mrkdv85s30J0r7qeGcApznGf "HTTP/2 200 OK"
2025-09-14 20:08:55,453 - httpx - INFO - HTTP Request: GET https://api.polygon.io/v2/aggs/ticker/HWH/range/1/day/2025-09-02/2025-09-02?adjusted=false&sort=asc&limit=1&apikey=QjD_Isd8mrkdv85s30J0r7qeGcApznGf "HTTP/2 200 OK"
2025-09-14 20:08:55,454 - httpx - INFO - HTTP Request: GET https://api.polygon.io/v2/aggs/ticker/AIHS/range/30/minute/1756886400000/1756944000000?adjusted=false&sort=asc&limit=1000&apikey=QjD_Isd8mrkdv85s30J0r7qeGcApznGf "HTTP/2 200 OK"
2025-09-14 20:08:55,454 - httpx - INFO - HTTP Request: GET https://api.polygon.io/v2/aggs/ticker/AIHS/range/1/day/2025-09-03/2025-09-03?adjusted=false&sort=asc&limit=1&apikey=QjD_Isd8mrkdv85s30J0r7qeGcApznGf "HTTP/2 200 OK"
2025-09-14 20:08:55,455 - httpx - INFO - HTTP Request: GET https://api.polygon.io/v2/aggs/ticker/KLRS/range/30/minute/1756886400000/1756944000000?adjusted=false&sort=asc&limit=1000&apikey=QjD_Isd8mrkdv85s30J0r7qeGcApznGf "HTTP/2 200 OK"
2025-09-14 20:08:55,455 - httpx - INFO - HTTP Request: GET https://api.polygon.io/v2/aggs/ticker/KLRS/range/1/day/2025-09-03/2025-09-03?adjusted=false&sort=asc&limit=1&apikey=QjD_Isd8mrkdv85s30J0r7qeGcApznGf "HTTP/2 200 OK"
2025-09-14 20:08:55,456 - httpx - INFO - HTTP Request: GET https://api.polygon.io/v2/aggs/ticker/PSNYW/range/1/day/2025-09-03/2025-09-03?adjusted=false&sort=asc&limit=1&apikey=QjD_Isd8mrkdv85s30J0r7qeGcApznGf "HTTP/2 200 OK"
2025-09-14 20:08:55,456 - httpx - INFO - HTTP Request: GET https://api.polygon.io/v2/aggs/ticker/UGRO/range/30/minute/1756800000000/1756857600000?adjusted=false&sort=asc&limit=1000&apikey=QjD_Isd8mrkdv85s30J0r7qeGcApznGf "HTTP/2 200 OK"
2025-09-14 20:08:55,457 - httpx - INFO - HTTP Request: GET https://api.polygon.io/v2/aggs/ticker/BRIA/range/30/minute/1756886400000/1756944000000?adjusted=false&sort=asc&limit=1000&apikey=QjD_Isd8mrkdv85s30J0r7qeGcApznGf "HTTP/2 200 OK"
2025-09-14 20:08:55,457 - httpx - INFO - HTTP Request: GET https://api.polygon.io/v2/aggs/ticker/GRYP/range/30/minute/1756800000000/1756857600000?adjusted=false&sort=asc&limit=1000&apikey=QjD_Isd8mrkdv85s30J0r7qeGcApznGf "HTTP/2 200 OK"
2025-09-14 20:08:55,457 - httpx - INFO - HTTP Request: GET https://api.polygon.io/v2/aggs/ticker/ABTC/range/30/minute/1756886400000/1756944000000?adjusted=false&sort=asc&limit=1000&apikey=QjD_Isd8mrkdv85s30J0r7qeGcApznGf "HTTP/2 200 OK"
2025-09-14 20:08:55,458 - httpx - INFO - HTTP Request: GET https://api.polygon.io/v2/aggs/ticker/NBY/range/30/minute/1756886400000/1756944000000?adjusted=false&sort=asc&limit=1000&apikey=QjD_Isd8mrkdv85s30J0r7qeGcApznGf "HTTP/2 200 OK"
2025-09-14 20:08:55,460 - httpx - INFO - HTTP Request: GET https://api.polygon.io/v2/aggs/ticker/UGRO/range/30/minute/1756886400000/1756944000000?adjusted=false&sort=asc&limit=1000&apikey=QjD_Isd8mrkdv85s30J0r7qeGcApznGf "HTTP/2 200 OK"
2025-09-14 20:08:55,462 - httpx - INFO - HTTP Request: GET https://api.polygon.io/v2/aggs/ticker/PSNYW/range/30/minute/1756886400000/1756944000000?adjusted=false&sort=asc&limit=1000&apikey=QjD_Isd8mrkdv85s30J0r7qeGcApznGf "HTTP/2 200 OK"
2025-09-14 20:08:55,464 - httpx - INFO - HTTP Request: GET https://api.polygon.io/v2/aggs/ticker/HWH/range/30/minute/1756800000000/1756857600000?adjusted=false&sort=asc&limit=1000&apikey=QjD_Isd8mrkdv85s30J0r7qeGcApznGf "HTTP/2 200 OK"
2025-09-14 20:08:55,466 - httpx - INFO - HTTP Request: GET https://api.polygon.io/v2/aggs/ticker/SMTK/range/30/minute/1756800000000/1756857600000?adjusted=false&sort=asc&limit=1000&apikey=QjD_Isd8mrkdv85s30J0r7qeGcApznGf "HTTP/2 200 OK"
2025-09-14 20:08:55,470 - httpx - INFO - HTTP Request: GET https://api.polygon.io/v2/aggs/ticker/STI/range/30/minute/1756886400000/1756944000000?adjusted=false&sort=asc&limit=1000&apikey=QjD_Isd8mrkdv85s30J0r7qeGcApznGf "HTTP/2 200 OK"
2025-09-14 20:08:55,503 - httpx - INFO - HTTP Request: GET https://api.polygon.io/v2/aggs/ticker/BIOA/range/1/day/2025-08-29/2025-08-29?adjusted=false&sort=asc&limit=1&apikey=QjD_Isd8mrkdv85s30J0r7qeGcApznGf "HTTP/2 200 OK"
2025-09-14 20:08:55,503 - httpx - INFO - HTTP Request: GET https://api.polygon.io/v2/aggs/ticker/LAWR/range/1/day/2025-09-02/2025-09-02?adjusted=false&sort=asc&limit=1&apikey=QjD_Isd8mrkdv85s30J0r7qeGcApznGf "HTTP/2 200 OK"
2025-09-14 20:08:55,504 - httpx - INFO - HTTP Request: GET https://api.polygon.io/v2/aggs/ticker/CARM/range/1/day/2025-08-29/2025-08-29?adjusted=false&sort=asc&limit=1&apikey=QjD_Isd8mrkdv85s30J0r7qeGcApznGf "HTTP/2 200 OK"
2025-09-14 20:08:55,505 - httpx - INFO - HTTP Request: GET https://api.polygon.io/v2/aggs/ticker/CGC/range/1/day/2025-08-29/2025-08-29?adjusted=false&sort=asc&limit=1&apikey=QjD_Isd8mrkdv85s30J0r7qeGcApznGf "HTTP/2 200 OK"
2025-09-14 20:08:55,507 - httpx - INFO - HTTP Request: GET https://api.polygon.io/v2/aggs/ticker/NUKK/range/1/day/2025-09-02/2025-09-02?adjusted=false&sort=asc&limit=1&apikey=QjD_Isd8mrkdv85s30J0r7qeGcApznGf "HTTP/2 200 OK"
2025-09-14 20:08:55,510 - httpx - INFO - HTTP Request: GET https://api.polygon.io/v2/aggs/ticker/UUU/range/1/day/2025-09-02/2025-09-02?adjusted=false&sort=asc&limit=1&apikey=QjD_Isd8mrkdv85s30J0r7qeGcApznGf "HTTP/2 200 OK"
2025-09-14 20:08:55,510 - httpx - INFO - HTTP Request: GET https://api.polygon.io/v2/aggs/ticker/ZONE/range/1/day/2025-09-02/2025-09-02?adjusted=false&sort=asc&limit=1&apikey=QjD_Isd8mrkdv85s30J0r7qeGcApznGf "HTTP/2 200 OK"
2025-09-14 20:08:55,512 - httpx - INFO - HTTP Request: GET https://api.polygon.io/v2/aggs/ticker/SSKN/range/1/day/2025-09-02/2025-09-02?adjusted=false&sort=asc&limit=1&apikey=QjD_Isd8mrkdv85s30J0r7qeGcApznGf "HTTP/2 200 OK"
2025-09-14 20:08:55,519 - httpx - INFO - HTTP Request: GET https://api.polygon.io/v2/aggs/ticker/NUKK/range/30/minute/1756800000000/1756857600000?adjusted=false&sort=asc&limit=1000&apikey=QjD_Isd8mrkdv85s30J0r7qeGcApznGf "HTTP/2 200 OK"
2025-09-14 20:08:55,521 - httpx - INFO - HTTP Request: GET https://api.polygon.io/v2/aggs/ticker/IPDN/range/1/day/2025-08-29/2025-08-29?adjusted=false&sort=asc&limit=1&apikey=QjD_Isd8mrkdv85s30J0r7qeGcApznGf "HTTP/2 200 OK"
2025-09-14 20:08:55,521 - httpx - INFO - HTTP Request: GET https://api.polygon.io/v2/aggs/ticker/NUKK/range/1/day/2025-08-29/2025-08-29?adjusted=false&sort=asc&limit=1&apikey=QjD_Isd8mrkdv85s30J0r7qeGcApznGf "HTTP/2 200 OK"
2025-09-14 20:08:55,522 - httpx - INFO - HTTP Request: GET https://api.polygon.io/v2/aggs/ticker/GMHS/range/1/day/2025-08-29/2025-08-29?adjusted=false&sort=asc&limit=1&apikey=QjD_Isd8mrkdv85s30J0r7qeGcApznGf "HTTP/2 200 OK"
2025-09-14 20:08:55,522 - httpx - INFO - HTTP Request: GET https://api.polygon.io/v2/aggs/ticker/MOVE/range/1/day/2025-08-29/2025-08-29?adjusted=false&sort=asc&limit=1&apikey=QjD_Isd8mrkdv85s30J0r7qeGcApznGf "HTTP/2 200 OK"
2025-09-14 20:08:55,523 - httpx - INFO - HTTP Request: GET https://api.polygon.io/v2/aggs/ticker/ZONE/range/30/minute/1756800000000/1756857600000?adjusted=false&sort=asc&limit=1000&apikey=QjD_Isd8mrkdv85s30J0r7qeGcApznGf "HTTP/2 200 OK"
2025-09-14 20:08:55,523 - httpx - INFO - HTTP Request: GET https://api.polygon.io/v2/aggs/ticker/SSKN/range/30/minute/1756800000000/1756857600000?adjusted=false&sort=asc&limit=1000&apikey=QjD_Isd8mrkdv85s30J0r7qeGcApznGf "HTTP/2 200 OK"
2025-09-14 20:08:55,524 - httpx - INFO - HTTP Request: GET https://api.polygon.io/v2/aggs/ticker/LAWR/range/30/minute/1756800000000/1756857600000?adjusted=false&sort=asc&limit=1000&apikey=QjD_Isd8mrkdv85s30J0r7qeGcApznGf "HTTP/2 200 OK"
2025-09-14 20:08:55,525 - httpx - INFO - HTTP Request: GET https://api.polygon.io/v2/aggs/ticker/CARM/range/30/minute/1756454400000/1756512000000?adjusted=false&sort=asc&limit=1000&apikey=QjD_Isd8mrkdv85s30J0r7qeGcApznGf "HTTP/2 200 OK"
2025-09-14 20:08:55,526 - httpx - INFO - HTTP Request: GET https://api.polygon.io/v2/aggs/ticker/CGC/range/30/minute/1756454400000/1756512000000?adjusted=false&sort=asc&limit=1000&apikey=QjD_Isd8mrkdv85s30J0r7qeGcApznGf "HTTP/2 200 OK"
2025-09-14 20:08:55,532 - httpx - INFO - HTTP Request: GET https://api.polygon.io/v2/aggs/ticker/UUU/range/30/minute/1756800000000/1756857600000?adjusted=false&sort=asc&limit=1000&apikey=QjD_Isd8mrkdv85s30J0r7qeGcApznGf "HTTP/2 200 OK"
2025-09-14 20:08:55,533 - httpx - INFO - HTTP Request: GET https://api.polygon.io/v2/aggs/ticker/BIOA/range/30/minute/1756454400000/1756512000000?adjusted=false&sort=asc&limit=1000&apikey=QjD_Isd8mrkdv85s30J0r7qeGcApznGf "HTTP/2 200 OK"
2025-09-14 20:08:55,534 - httpx - INFO - HTTP Request: GET https://api.polygon.io/v2/aggs/ticker/IPDN/range/30/minute/1756454400000/1756512000000?adjusted=false&sort=asc&limit=1000&apikey=QjD_Isd8mrkdv85s30J0r7qeGcApznGf "HTTP/2 200 OK"
2025-09-14 20:08:55,535 - httpx - INFO - HTTP Request: GET https://api.polygon.io/v2/aggs/ticker/NUKK/range/30/minute/1756454400000/1756512000000?adjusted=false&sort=asc&limit=1000&apikey=QjD_Isd8mrkdv85s30J0r7qeGcApznGf "HTTP/2 200 OK"
2025-09-14 20:08:55,535 - httpx - INFO - HTTP Request: GET https://api.polygon.io/v2/aggs/ticker/GMHS/range/30/minute/1756454400000/1756512000000?adjusted=false&sort=asc&limit=1000&apikey=QjD_Isd8mrkdv85s30J0r7qeGcApznGf "HTTP/2 200 OK"
2025-09-14 20:08:55,535 - httpx - INFO - HTTP Request: GET https://api.polygon.io/v2/aggs/ticker/MOVE/range/30/minute/1756454400000/1756512000000?adjusted=false&sort=asc&limit=1000&apikey=QjD_Isd8mrkdv85s30J0r7qeGcApznGf "HTTP/2 200 OK"
2025-09-14 20:08:55,555 - httpx - INFO - HTTP Request: GET https://api.polygon.io/v2/aggs/ticker/SOGP/range/1/day/2025-08-28/2025-08-28?adjusted=false&sort=asc&limit=1&apikey=QjD_Isd8mrkdv85s30J0r7qeGcApznGf "HTTP/2 200 OK"
2025-09-14 20:08:55,566 - httpx - INFO - HTTP Request: GET https://api.polygon.io/v2/aggs/ticker/LGHL/range/1/day/2025-08-28/2025-08-28?adjusted=false&sort=asc&limit=1&apikey=QjD_Isd8mrkdv85s30J0r7qeGcApznGf "HTTP/2 200 OK"
2025-09-14 20:08:55,575 - httpx - INFO - HTTP Request: GET https://api.polygon.io/v2/aggs/ticker/QMMM/range/1/day/2025-08-27/2025-08-27?adjusted=false&sort=asc&limit=1&apikey=QjD_Isd8mrkdv85s30J0r7qeGcApznGf "HTTP/2 200 OK"
2025-09-14 20:08:55,577 - httpx - INFO - HTTP Request: GET https://api.polygon.io/v2/aggs/ticker/DEVS/range/1/day/2025-08-27/2025-08-27?adjusted=false&sort=asc&limit=1&apikey=QjD_Isd8mrkdv85s30J0r7qeGcApznGf "HTTP/2 200 OK"
2025-09-14 20:08:55,577 - httpx - INFO - HTTP Request: GET https://api.polygon.io/v2/aggs/ticker/CWD/range/1/day/2025-08-28/2025-08-28?adjusted=false&sort=asc&limit=1&apikey=QjD_Isd8mrkdv85s30J0r7qeGcApznGf "HTTP/2 200 OK"
2025-09-14 20:08:55,578 - httpx - INFO - HTTP Request: GET https://api.polygon.io/v2/aggs/ticker/PSNYW/range/1/day/2025-08-27/2025-08-27?adjusted=false&sort=asc&limit=1&apikey=QjD_Isd8mrkdv85s30J0r7qeGcApznGf "HTTP/2 200 OK"
2025-09-14 20:08:55,578 - httpx - INFO - HTTP Request: GET https://api.polygon.io/v2/aggs/ticker/MODV/range/1/day/2025-08-25/2025-08-25?adjusted=false&sort=asc&limit=1&apikey=QjD_Isd8mrkdv85s30J0r7qeGcApznGf "HTTP/2 200 OK"
2025-09-14 20:08:55,579 - httpx - INFO - HTTP Request: GET https://api.polygon.io/v2/aggs/ticker/LGHL/range/30/minute/1756368000000/1756425600000?adjusted=false&sort=asc&limit=1000&apikey=QjD_Isd8mrkdv85s30J0r7qeGcApznGf "HTTP/2 200 OK"
2025-09-14 20:08:55,579 - httpx - INFO - HTTP Request: GET https://api.polygon.io/v2/aggs/ticker/NBY/range/1/day/2025-08-27/2025-08-27?adjusted=false&sort=asc&limit=1&apikey=QjD_Isd8mrkdv85s30J0r7qeGcApznGf "HTTP/2 200 OK"
2025-09-14 20:08:55,580 - httpx - INFO - HTTP Request: GET https://api.polygon.io/v2/aggs/ticker/IMG/range/1/day/2025-08-27/2025-08-27?adjusted=false&sort=asc&limit=1&apikey=QjD_Isd8mrkdv85s30J0r7qeGcApznGf "HTTP/2 200 OK"
2025-09-14 20:08:55,581 - httpx - INFO - HTTP Request: GET https://api.polygon.io/v2/aggs/ticker/BTAI/range/1/day/2025-08-27/2025-08-27?adjusted=false&sort=asc&limit=1&apikey=QjD_Isd8mrkdv85s30J0r7qeGcApznGf "HTTP/2 200 OK"
2025-09-14 20:08:55,582 - httpx - INFO - HTTP Request: GET https://api.polygon.io/v2/aggs/ticker/WAI/range/1/day/2025-08-27/2025-08-27?adjusted=false&sort=asc&limit=1&apikey=QjD_Isd8mrkdv85s30J0r7qeGcApznGf "HTTP/2 200 OK"
2025-09-14 20:08:55,586 - httpx - INFO - HTTP Request: GET https://api.polygon.io/v2/aggs/ticker/NAMI/range/1/day/2025-08-27/2025-08-27?adjusted=false&sort=asc&limit=1&apikey=QjD_Isd8mrkdv85s30J0r7qeGcApznGf "HTTP/2 200 OK"
2025-09-14 20:08:55,586 - httpx - INFO - HTTP Request: GET https://api.polygon.io/v2/aggs/ticker/SOGP/range/30/minute/1756368000000/1756425600000?adjusted=false&sort=asc&limit=1000&apikey=QjD_Isd8mrkdv85s30J0r7qeGcApznGf "HTTP/2 200 OK"
2025-09-14 20:08:55,588 - httpx - INFO - HTTP Request: GET https://api.polygon.io/v2/aggs/ticker/PSNYW/range/30/minute/1756281600000/1756339200000?adjusted=false&sort=asc&limit=1000&apikey=QjD_Isd8mrkdv85s30J0r7qeGcApznGf "HTTP/2 200 OK"
2025-09-14 20:08:55,589 - httpx - INFO - HTTP Request: GET https://api.polygon.io/v2/aggs/ticker/CWD/range/30/minute/1756368000000/1756425600000?adjusted=false&sort=asc&limit=1000&apikey=QjD_Isd8mrkdv85s30J0r7qeGcApznGf "HTTP/2 200 OK"
2025-09-14 20:08:55,589 - httpx - INFO - HTTP Request: GET https://api.polygon.io/v2/aggs/ticker/IMG/range/30/minute/1756281600000/1756339200000?adjusted=false&sort=asc&limit=1000&apikey=QjD_Isd8mrkdv85s30J0r7qeGcApznGf "HTTP/2 200 OK"
2025-09-14 20:08:55,598 - httpx - INFO - HTTP Request: GET https://api.polygon.io/v2/aggs/ticker/MODV/range/30/minute/1756108800000/1756166400000?adjusted=false&sort=asc&limit=1000&apikey=QjD_Isd8mrkdv85s30J0r7qeGcApznGf "HTTP/2 200 OK"
2025-09-14 20:08:55,599 - httpx - INFO - HTTP Request: GET https://api.polygon.io/v2/aggs/ticker/NBY/range/30/minute/1756281600000/1756339200000?adjusted=false&sort=asc&limit=1000&apikey=QjD_Isd8mrkdv85s30J0r7qeGcApznGf "HTTP/2 200 OK"
2025-09-14 20:08:55,599 - httpx - INFO - HTTP Request: GET https://api.polygon.io/v2/aggs/ticker/QMMM/range/30/minute/1756281600000/1756339200000?adjusted=false&sort=asc&limit=1000&apikey=QjD_Isd8mrkdv85s30J0r7qeGcApznGf "HTTP/2 200 OK"
2025-09-14 20:08:55,615 - httpx - INFO - HTTP Request: GET https://api.polygon.io/v2/aggs/ticker/WAI/range/30/minute/1756281600000/1756339200000?adjusted=false&sort=asc&limit=1000&apikey=QjD_Isd8mrkdv85s30J0r7qeGcApznGf "HTTP/2 200 OK"
2025-09-14 20:08:55,625 - httpx - INFO - HTTP Request: GET https://api.polygon.io/v2/aggs/ticker/PSNY/range/1/day/2025-08-27/2025-08-27?adjusted=false&sort=asc&limit=1&apikey=QjD_Isd8mrkdv85s30J0r7qeGcApznGf "HTTP/2 200 OK"
2025-09-14 20:08:55,625 - httpx - INFO - HTTP Request: GET https://api.polygon.io/v2/aggs/ticker/DEVS/range/30/minute/1756281600000/1756339200000?adjusted=false&sort=asc&limit=1000&apikey=QjD_Isd8mrkdv85s30J0r7qeGcApznGf "HTTP/2 200 OK"
2025-09-14 20:08:55,626 - httpx - INFO - HTTP Request: GET https://api.polygon.io/v2/aggs/ticker/NAMI/range/30/minute/1756281600000/1756339200000?adjusted=false&sort=asc&limit=1000&apikey=QjD_Isd8mrkdv85s30J0r7qeGcApznGf "HTTP/2 200 OK"
2025-09-14 20:08:55,626 - httpx - INFO - HTTP Request: GET https://api.polygon.io/v2/aggs/ticker/BTAI/range/30/minute/1756281600000/1756339200000?adjusted=false&sort=asc&limit=1000&apikey=QjD_Isd8mrkdv85s30J0r7qeGcApznGf "HTTP/2 200 OK"
2025-09-14 20:08:55,627 - httpx - INFO - HTTP Request: GET https://api.polygon.io/v2/aggs/ticker/PTNM/range/1/day/2025-08-27/2025-08-27?adjusted=false&sort=asc&limit=1&apikey=QjD_Isd8mrkdv85s30J0r7qeGcApznGf "HTTP/2 200 OK"
2025-09-14 20:08:55,631 - httpx - INFO - HTTP Request: GET https://api.polygon.io/v2/aggs/ticker/STSS/range/1/day/2025-08-27/2025-08-27?adjusted=false&sort=asc&limit=1&apikey=QjD_Isd8mrkdv85s30J0r7qeGcApznGf "HTTP/2 200 OK"
2025-09-14 20:08:55,637 - httpx - INFO - HTTP Request: GET https://api.polygon.io/v2/aggs/ticker/SKBL/range/1/day/2025-08-27/2025-08-27?adjusted=false&sort=asc&limit=1&apikey=QjD_Isd8mrkdv85s30J0r7qeGcApznGf "HTTP/2 200 OK"
2025-09-14 20:08:55,638 - httpx - INFO - HTTP Request: GET https://api.polygon.io/v2/aggs/ticker/AZTR/range/1/day/2025-08-27/2025-08-27?adjusted=false&sort=asc&limit=1&apikey=QjD_Isd8mrkdv85s30J0r7qeGcApznGf "HTTP/2 200 OK"
2025-09-14 20:08:55,639 - httpx - INFO - HTTP Request: GET https://api.polygon.io/v2/aggs/ticker/PSNY/range/30/minute/1756281600000/1756339200000?adjusted=false&sort=asc&limit=1000&apikey=QjD_Isd8mrkdv85s30J0r7qeGcApznGf "HTTP/2 200 OK"
2025-09-14 20:08:55,643 - httpx - INFO - HTTP Request: GET https://api.polygon.io/v2/aggs/ticker/YHGJ/range/1/day/2025-08-27/2025-08-27?adjusted=false&sort=asc&limit=1&apikey=QjD_Isd8mrkdv85s30J0r7qeGcApznGf "HTTP/2 200 OK"
2025-09-14 20:08:55,644 - httpx - INFO - HTTP Request: GET https://api.polygon.io/v2/aggs/ticker/EPWK/range/1/day/2025-08-27/2025-08-27?adjusted=false&sort=asc&limit=1&apikey=QjD_Isd8mrkdv85s30J0r7qeGcApznGf "HTTP/2 200 OK"
2025-09-14 20:08:55,651 - httpx - INFO - HTTP Request: GET https://api.polygon.io/v2/aggs/ticker/MBRX/range/1/day/2025-08-27/2025-08-27?adjusted=false&sort=asc&limit=1&apikey=QjD_Isd8mrkdv85s30J0r7qeGcApznGf "HTTP/2 200 OK"
2025-09-14 20:08:55,651 - httpx - INFO - HTTP Request: GET https://api.polygon.io/v2/aggs/ticker/SKBL/range/30/minute/1756281600000/1756339200000?adjusted=false&sort=asc&limit=1000&apikey=QjD_Isd8mrkdv85s30J0r7qeGcApznGf "HTTP/2 200 OK"
2025-09-14 20:08:55,652 - httpx - INFO - HTTP Request: GET https://api.polygon.io/v2/aggs/ticker/AZTR/range/30/minute/1756281600000/1756339200000?adjusted=false&sort=asc&limit=1000&apikey=QjD_Isd8mrkdv85s30J0r7qeGcApznGf "HTTP/2 200 OK"
2025-09-14 20:08:55,655 - httpx - INFO - HTTP Request: GET https://api.polygon.io/v2/aggs/ticker/NBY/range/1/day/2025-08-26/2025-08-26?adjusted=false&sort=asc&limit=1&apikey=QjD_Isd8mrkdv85s30J0r7qeGcApznGf "HTTP/2 200 OK"
2025-09-14 20:08:55,655 - httpx - INFO - HTTP Request: GET https://api.polygon.io/v2/aggs/ticker/PTNM/range/30/minute/1756281600000/1756339200000?adjusted=false&sort=asc&limit=1000&apikey=QjD_Isd8mrkdv85s30J0r7qeGcApznGf "HTTP/2 200 OK"
2025-09-14 20:08:55,657 - httpx - INFO - HTTP Request: GET https://api.polygon.io/v2/aggs/ticker/YHGJ/range/30/minute/1756281600000/1756339200000?adjusted=false&sort=asc&limit=1000&apikey=QjD_Isd8mrkdv85s30J0r7qeGcApznGf "HTTP/2 200 OK"
2025-09-14 20:08:55,657 - httpx - INFO - HTTP Request: GET https://api.polygon.io/v2/aggs/ticker/STSS/range/30/minute/1756281600000/1756339200000?adjusted=false&sort=asc&limit=1000&apikey=QjD_Isd8mrkdv85s30J0r7qeGcApznGf "HTTP/2 200 OK"
2025-09-14 20:08:55,658 - httpx - INFO - HTTP Request: GET https://api.polygon.io/v2/aggs/ticker/EPWK/range/30/minute/1756281600000/1756339200000?adjusted=false&sort=asc&limit=1000&apikey=QjD_Isd8mrkdv85s30J0r7qeGcApznGf "HTTP/2 200 OK"
2025-09-14 20:08:55,665 - httpx - INFO - HTTP Request: GET https://api.polygon.io/v2/aggs/ticker/NUKK/range/1/day/2025-08-26/2025-08-26?adjusted=false&sort=asc&limit=1&apikey=QjD_Isd8mrkdv85s30J0r7qeGcApznGf "HTTP/2 200 OK"
2025-09-14 20:08:55,665 - httpx - INFO - HTTP Request: GET https://api.polygon.io/v2/aggs/ticker/MBRX/range/30/minute/1756281600000/1756339200000?adjusted=false&sort=asc&limit=1000&apikey=QjD_Isd8mrkdv85s30J0r7qeGcApznGf "HTTP/2 200 OK"
2025-09-14 20:08:55,677 - httpx - INFO - HTTP Request: GET https://api.polygon.io/v2/aggs/ticker/WORX/range/1/day/2025-08-26/2025-08-26?adjusted=false&sort=asc&limit=1&apikey=QjD_Isd8mrkdv85s30J0r7qeGcApznGf "HTTP/2 200 OK"
2025-09-14 20:08:55,679 - backfill_async - ERROR - Unexpected error processing QMMM:2025-08-15: <ConnectionTerminated error_code:0, last_stream_id:199, additional_data:None>
2025-09-14 20:08:55,679 - backfill_async - ERROR - Unexpected error processing THAR:2025-08-26: <ConnectionTerminated error_code:0, last_stream_id:199, additional_data:None>
2025-09-14 20:08:55,681 - backfill_async - ERROR - Unexpected error processing NUKK:2025-08-26: <ConnectionTerminated error_code:0, last_stream_id:199, additional_data:None>
2025-09-14 20:08:55,681 - backfill_async - ERROR - Unexpected error processing HKPD:2025-08-26: <ConnectionTerminated error_code:0, last_stream_id:199, additional_data:None>
2025-09-14 20:08:55,682 - backfill_async - ERROR - Unexpected error processing NBY:2025-08-26: <ConnectionTerminated error_code:0, last_stream_id:199, additional_data:None>
2025-09-14 20:08:55,684 - backfill_async - ERROR - Unexpected error processing WORX:2025-08-26: <ConnectionTerminated error_code:0, last_stream_id:199, additional_data:None>
2025-09-14 20:08:55,813 - httpx - INFO - HTTP Request: GET https://api.polygon.io/v2/aggs/ticker/VRAX/range/1/day/2025-08-26/2025-08-26?adjusted=false&sort=asc&limit=1&apikey=QjD_Isd8mrkdv85s30J0r7qeGcApznGf "HTTP/2 200 OK"
2025-09-14 20:08:55,832 - httpx - INFO - HTTP Request: GET https://api.polygon.io/v2/aggs/ticker/BENF/range/1/day/2025-08-25/2025-08-25?adjusted=false&sort=asc&limit=1&apikey=QjD_Isd8mrkdv85s30J0r7qeGcApznGf "HTTP/2 200 OK"
2025-09-14 20:08:55,833 - httpx - INFO - HTTP Request: GET https://api.polygon.io/v2/aggs/ticker/OSRH/range/1/day/2025-08-25/2025-08-25?adjusted=false&sort=asc&limit=1&apikey=QjD_Isd8mrkdv85s30J0r7qeGcApznGf "HTTP/2 200 OK"
2025-09-14 20:08:55,834 - httpx - INFO - HTTP Request: GET https://api.polygon.io/v2/aggs/ticker/INHD/range/1/day/2025-08-25/2025-08-25?adjusted=false&sort=asc&limit=1&apikey=QjD_Isd8mrkdv85s30J0r7qeGcApznGf "HTTP/2 200 OK"
2025-09-14 20:08:55,834 - httpx - INFO - HTTP Request: GET https://api.polygon.io/v2/aggs/ticker/IXHL/range/30/minute/1756195200000/1756252800000?adjusted=false&sort=asc&limit=1000&apikey=QjD_Isd8mrkdv85s30J0r7qeGcApznGf "HTTP/2 200 OK"
2025-09-14 20:08:55,835 - httpx - INFO - HTTP Request: GET https://api.polygon.io/v2/aggs/ticker/IXHL/range/1/day/2025-08-26/2025-08-26?adjusted=false&sort=asc&limit=1&apikey=QjD_Isd8mrkdv85s30J0r7qeGcApznGf "HTTP/2 200 OK"
2025-09-14 20:08:55,835 - httpx - INFO - HTTP Request: GET https://api.polygon.io/v2/aggs/ticker/OPAD/range/1/day/2025-08-25/2025-08-25?adjusted=false&sort=asc&limit=1&apikey=QjD_Isd8mrkdv85s30J0r7qeGcApznGf "HTTP/2 200 OK"
2025-09-14 20:08:55,836 - httpx - INFO - HTTP Request: GET https://api.polygon.io/v2/aggs/ticker/FTHM/range/1/day/2025-08-25/2025-08-25?adjusted=false&sort=asc&limit=1&apikey=QjD_Isd8mrkdv85s30J0r7qeGcApznGf "HTTP/2 200 OK"
2025-09-14 20:08:55,836 - httpx - INFO - HTTP Request: GET https://api.polygon.io/v2/aggs/ticker/EPIX/range/1/day/2025-08-25/2025-08-25?adjusted=false&sort=asc&limit=1&apikey=QjD_Isd8mrkdv85s30J0r7qeGcApznGf "HTTP/2 200 OK"
2025-09-14 20:08:55,837 - httpx - INFO - HTTP Request: GET https://api.polygon.io/v2/aggs/ticker/GPRO/range/30/minute/1756108800000/1756166400000?adjusted=false&sort=asc&limit=1000&apikey=QjD_Isd8mrkdv85s30J0r7qeGcApznGf "HTTP/2 200 OK"
2025-09-14 20:08:55,838 - httpx - INFO - HTTP Request: GET https://api.polygon.io/v2/aggs/ticker/GPRO/range/1/day/2025-08-25/2025-08-25?adjusted=false&sort=asc&limit=1&apikey=QjD_Isd8mrkdv85s30J0r7qeGcApznGf "HTTP/2 200 OK"
2025-09-14 20:08:55,839 - httpx - INFO - HTTP Request: GET https://api.polygon.io/v2/aggs/ticker/BENF/range/30/minute/1756108800000/1756166400000?adjusted=false&sort=asc&limit=1000&apikey=QjD_Isd8mrkdv85s30J0r7qeGcApznGf "HTTP/2 200 OK"
2025-09-14 20:08:55,840 - httpx - INFO - HTTP Request: GET https://api.polygon.io/v2/aggs/ticker/THAR/range/1/day/2025-08-25/2025-08-25?adjusted=false&sort=asc&limit=1&apikey=QjD_Isd8mrkdv85s30J0r7qeGcApznGf "HTTP/2 200 OK"
2025-09-14 20:08:55,840 - httpx - INFO - HTTP Request: GET https://api.polygon.io/v2/aggs/ticker/ALLR/range/1/day/2025-08-26/2025-08-26?adjusted=false&sort=asc&limit=1&apikey=QjD_Isd8mrkdv85s30J0r7qeGcApznGf "HTTP/2 200 OK"
2025-09-14 20:08:55,841 - httpx - INFO - HTTP Request: GET https://api.polygon.io/v2/aggs/ticker/OSRH/range/30/minute/1756108800000/1756166400000?adjusted=false&sort=asc&limit=1000&apikey=QjD_Isd8mrkdv85s30J0r7qeGcApznGf "HTTP/2 200 OK"
2025-09-14 20:08:55,841 - httpx - INFO - HTTP Request: GET https://api.polygon.io/v2/aggs/ticker/PTHL/range/30/minute/1756195200000/1756252800000?adjusted=false&sort=asc&limit=1000&apikey=QjD_Isd8mrkdv85s30J0r7qeGcApznGf "HTTP/2 200 OK"
2025-09-14 20:08:55,842 - httpx - INFO - HTTP Request: GET https://api.polygon.io/v2/aggs/ticker/PTHL/range/1/day/2025-08-26/2025-08-26?adjusted=false&sort=asc&limit=1&apikey=QjD_Isd8mrkdv85s30J0r7qeGcApznGf "HTTP/2 200 OK"
2025-09-14 20:08:55,842 - httpx - INFO - HTTP Request: GET https://api.polygon.io/v2/aggs/ticker/VRAX/range/30/minute/1756195200000/1756252800000?adjusted=false&sort=asc&limit=1000&apikey=QjD_Isd8mrkdv85s30J0r7qeGcApznGf "HTTP/2 200 OK"
2025-09-14 20:08:55,843 - httpx - INFO - HTTP Request: GET https://api.polygon.io/v2/aggs/ticker/FTHM/range/30/minute/1756108800000/1756166400000?adjusted=false&sort=asc&limit=1000&apikey=QjD_Isd8mrkdv85s30J0r7qeGcApznGf "HTTP/2 200 OK"
2025-09-14 20:08:55,843 - httpx - INFO - HTTP Request: GET https://api.polygon.io/v2/aggs/ticker/EPIX/range/30/minute/1756108800000/1756166400000?adjusted=false&sort=asc&limit=1000&apikey=QjD_Isd8mrkdv85s30J0r7qeGcApznGf "HTTP/2 200 OK"
2025-09-14 20:08:55,845 - httpx - INFO - HTTP Request: GET https://api.polygon.io/v2/aggs/ticker/INHD/range/30/minute/1756108800000/1756166400000?adjusted=false&sort=asc&limit=1000&apikey=QjD_Isd8mrkdv85s30J0r7qeGcApznGf "HTTP/2 200 OK"
2025-09-14 20:08:55,847 - httpx - INFO - HTTP Request: GET https://api.polygon.io/v2/aggs/ticker/ALLR/range/30/minute/1756195200000/1756252800000?adjusted=false&sort=asc&limit=1000&apikey=QjD_Isd8mrkdv85s30J0r7qeGcApznGf "HTTP/2 200 OK"
2025-09-14 20:08:55,851 - httpx - INFO - HTTP Request: GET https://api.polygon.io/v2/aggs/ticker/OPAD/range/30/minute/1756108800000/1756166400000?adjusted=false&sort=asc&limit=1000&apikey=QjD_Isd8mrkdv85s30J0r7qeGcApznGf "HTTP/2 200 OK"
2025-09-14 20:08:55,856 - httpx - INFO - HTTP Request: GET https://api.polygon.io/v2/aggs/ticker/THAR/range/30/minute/1756108800000/1756166400000?adjusted=false&sort=asc&limit=1000&apikey=QjD_Isd8mrkdv85s30J0r7qeGcApznGf "HTTP/2 200 OK"
2025-09-14 20:08:55,880 - httpx - INFO - HTTP Request: GET https://api.polygon.io/v2/aggs/ticker/CAPS/range/1/day/2025-08-25/2025-08-25?adjusted=false&sort=asc&limit=1&apikey=QjD_Isd8mrkdv85s30J0r7qeGcApznGf "HTTP/2 200 OK"
2025-09-14 20:08:55,891 - httpx - INFO - HTTP Request: GET https://api.polygon.io/v2/aggs/ticker/EEIQ/range/1/day/2025-08-22/2025-08-22?adjusted=false&sort=asc&limit=1&apikey=QjD_Isd8mrkdv85s30J0r7qeGcApznGf "HTTP/2 200 OK"
2025-09-14 20:08:55,892 - httpx - INFO - HTTP Request: GET https://api.polygon.io/v2/aggs/ticker/EEIQ/range/1/day/2025-08-21/2025-08-21?adjusted=false&sort=asc&limit=1&apikey=QjD_Isd8mrkdv85s30J0r7qeGcApznGf "HTTP/2 200 OK"
2025-09-14 20:08:55,893 - httpx - INFO - HTTP Request: GET https://api.polygon.io/v2/aggs/ticker/HCWB/range/1/day/2025-08-25/2025-08-25?adjusted=false&sort=asc&limit=1&apikey=QjD_Isd8mrkdv85s30J0r7qeGcApznGf "HTTP/2 200 OK"
2025-09-14 20:08:55,894 - httpx - INFO - HTTP Request: GET https://api.polygon.io/v2/aggs/ticker/STSS/range/1/day/2025-08-25/2025-08-25?adjusted=false&sort=asc&limit=1&apikey=QjD_Isd8mrkdv85s30J0r7qeGcApznGf "HTTP/2 200 OK"
2025-09-14 20:08:55,898 - httpx - INFO - HTTP Request: GET https://api.polygon.io/v2/aggs/ticker/MODV/range/1/day/2025-08-22/2025-08-22?adjusted=false&sort=asc&limit=1&apikey=QjD_Isd8mrkdv85s30J0r7qeGcApznGf "HTTP/2 200 OK"
2025-09-14 20:08:55,898 - httpx - INFO - HTTP Request: GET https://api.polygon.io/v2/aggs/ticker/MRM/range/1/day/2025-08-22/2025-08-22?adjusted=false&sort=asc&limit=1&apikey=QjD_Isd8mrkdv85s30J0r7qeGcApznGf "HTTP/2 200 OK"
2025-09-14 20:08:55,899 - httpx - INFO - HTTP Request: GET https://api.polygon.io/v2/aggs/ticker/OSRH/range/1/day/2025-08-22/2025-08-22?adjusted=false&sort=asc&limit=1&apikey=QjD_Isd8mrkdv85s30J0r7qeGcApznGf "HTTP/2 200 OK"
2025-09-14 20:08:55,899 - httpx - INFO - HTTP Request: GET https://api.polygon.io/v2/aggs/ticker/HCWB/range/30/minute/1756108800000/1756166400000?adjusted=false&sort=asc&limit=1000&apikey=QjD_Isd8mrkdv85s30J0r7qeGcApznGf "HTTP/2 200 OK"
2025-09-14 20:08:55,900 - httpx - INFO - HTTP Request: GET https://api.polygon.io/v2/aggs/ticker/ELAB/range/1/day/2025-08-22/2025-08-22?adjusted=false&sort=asc&limit=1&apikey=QjD_Isd8mrkdv85s30J0r7qeGcApznGf "HTTP/2 200 OK"
2025-09-14 20:08:55,902 - httpx - INFO - HTTP Request: GET https://api.polygon.io/v2/aggs/ticker/SUGP/range/1/day/2025-08-22/2025-08-22?adjusted=false&sort=asc&limit=1&apikey=QjD_Isd8mrkdv85s30J0r7qeGcApznGf "HTTP/2 200 OK"
2025-09-14 20:08:55,905 - httpx - INFO - HTTP Request: GET https://api.polygon.io/v2/aggs/ticker/ZNB/range/1/day/2025-08-22/2025-08-22?adjusted=false&sort=asc&limit=1&apikey=QjD_Isd8mrkdv85s30J0r7qeGcApznGf "HTTP/2 200 OK"
2025-09-14 20:08:55,906 - httpx - INFO - HTTP Request: GET https://api.polygon.io/v2/aggs/ticker/HSON/range/1/day/2025-08-21/2025-08-21?adjusted=false&sort=asc&limit=1&apikey=QjD_Isd8mrkdv85s30J0r7qeGcApznGf "HTTP/2 200 OK"
2025-09-14 20:08:55,906 - httpx - INFO - HTTP Request: GET https://api.polygon.io/v2/aggs/ticker/STSS/range/30/minute/1756108800000/1756166400000?adjusted=false&sort=asc&limit=1000&apikey=QjD_Isd8mrkdv85s30J0r7qeGcApznGf "HTTP/2 200 OK"
2025-09-14 20:08:55,907 - httpx - INFO - HTTP Request: GET https://api.polygon.io/v2/aggs/ticker/CAPS/range/30/minute/1756108800000/1756166400000?adjusted=false&sort=asc&limit=1000&apikey=QjD_Isd8mrkdv85s30J0r7qeGcApznGf "HTTP/2 200 OK"
2025-09-14 20:08:55,907 - httpx - INFO - HTTP Request: GET https://api.polygon.io/v2/aggs/ticker/MODV/range/30/minute/1755849600000/1755907200000?adjusted=false&sort=asc&limit=1000&apikey=QjD_Isd8mrkdv85s30J0r7qeGcApznGf "HTTP/2 200 OK"
2025-09-14 20:08:55,908 - httpx - INFO - HTTP Request: GET https://api.polygon.io/v2/aggs/ticker/OSRH/range/30/minute/1755849600000/1755907200000?adjusted=false&sort=asc&limit=1000&apikey=QjD_Isd8mrkdv85s30J0r7qeGcApznGf "HTTP/2 200 OK"
2025-09-14 20:08:55,910 - httpx - INFO - HTTP Request: GET https://api.polygon.io/v2/aggs/ticker/ELAB/range/30/minute/1755849600000/1755907200000?adjusted=false&sort=asc&limit=1000&apikey=QjD_Isd8mrkdv85s30J0r7qeGcApznGf "HTTP/2 200 OK"
2025-09-14 20:08:55,916 - httpx - INFO - HTTP Request: GET https://api.polygon.io/v2/aggs/ticker/EEIQ/range/30/minute/1755763200000/1755820800000?adjusted=false&sort=asc&limit=1000&apikey=QjD_Isd8mrkdv85s30J0r7qeGcApznGf "HTTP/2 200 OK"
2025-09-14 20:08:55,916 - httpx - INFO - HTTP Request: GET https://api.polygon.io/v2/aggs/ticker/MRM/range/30/minute/1755849600000/1755907200000?adjusted=false&sort=asc&limit=1000&apikey=QjD_Isd8mrkdv85s30J0r7qeGcApznGf "HTTP/2 200 OK"
2025-09-14 20:08:55,918 - httpx - INFO - HTTP Request: GET https://api.polygon.io/v2/aggs/ticker/SUGP/range/30/minute/1755849600000/1755907200000?adjusted=false&sort=asc&limit=1000&apikey=QjD_Isd8mrkdv85s30J0r7qeGcApznGf "HTTP/2 200 OK"
2025-09-14 20:08:55,947 - httpx - INFO - HTTP Request: GET https://api.polygon.io/v2/aggs/ticker/EEIQ/range/30/minute/1755849600000/1755907200000?adjusted=false&sort=asc&limit=1000&apikey=QjD_Isd8mrkdv85s30J0r7qeGcApznGf "HTTP/2 200 OK"
2025-09-14 20:08:55,948 - httpx - INFO - HTTP Request: GET https://api.polygon.io/v2/aggs/ticker/ZNB/range/30/minute/1755849600000/1755907200000?adjusted=false&sort=asc&limit=1000&apikey=QjD_Isd8mrkdv85s30J0r7qeGcApznGf "HTTP/2 200 OK"
2025-09-14 20:08:55,948 - httpx - INFO - HTTP Request: GET https://api.polygon.io/v2/aggs/ticker/HSON/range/30/minute/1755763200000/1755820800000?adjusted=false&sort=asc&limit=1000&apikey=QjD_Isd8mrkdv85s30J0r7qeGcApznGf "HTTP/2 200 OK"
2025-09-14 20:08:55,950 - httpx - INFO - HTTP Request: GET https://api.polygon.io/v2/aggs/ticker/STRR/range/1/day/2025-08-21/2025-08-21?adjusted=false&sort=asc&limit=1&apikey=QjD_Isd8mrkdv85s30J0r7qeGcApznGf "HTTP/2 200 OK"
2025-09-14 20:08:55,951 - httpx - INFO - HTTP Request: GET https://api.polygon.io/v2/aggs/ticker/PTIX/range/1/day/2025-08-21/2025-08-21?adjusted=false&sort=asc&limit=1&apikey=QjD_Isd8mrkdv85s30J0r7qeGcApznGf "HTTP/2 200 OK"
2025-09-14 20:08:55,952 - httpx - INFO - HTTP Request: GET https://api.polygon.io/v2/aggs/ticker/APM/range/1/day/2025-08-21/2025-08-21?adjusted=false&sort=asc&limit=1&apikey=QjD_Isd8mrkdv85s30J0r7qeGcApznGf "HTTP/2 200 OK"
2025-09-14 20:08:55,955 - httpx - INFO - HTTP Request: GET https://api.polygon.io/v2/aggs/ticker/GRO/range/1/day/2025-08-20/2025-08-20?adjusted=false&sort=asc&limit=1&apikey=QjD_Isd8mrkdv85s30J0r7qeGcApznGf "HTTP/2 200 OK"
2025-09-14 20:08:55,955 - httpx - INFO - HTTP Request: GET https://api.polygon.io/v2/aggs/ticker/THAR/range/1/day/2025-08-20/2025-08-20?adjusted=false&sort=asc&limit=1&apikey=QjD_Isd8mrkdv85s30J0r7qeGcApznGf "HTTP/2 200 OK"
2025-09-14 20:08:55,956 - httpx - INFO - HTTP Request: GET https://api.polygon.io/v2/aggs/ticker/AEMD/range/1/day/2025-08-21/2025-08-21?adjusted=false&sort=asc&limit=1&apikey=QjD_Isd8mrkdv85s30J0r7qeGcApznGf "HTTP/2 200 OK"
2025-09-14 20:08:55,956 - httpx - INFO - HTTP Request: GET https://api.polygon.io/v2/aggs/ticker/RAY/range/1/day/2025-08-21/2025-08-21?adjusted=false&sort=asc&limit=1&apikey=QjD_Isd8mrkdv85s30J0r7qeGcApznGf "HTTP/2 200 OK"
2025-09-14 20:08:55,957 - httpx - INFO - HTTP Request: GET https://api.polygon.io/v2/aggs/ticker/THAR/range/1/day/2025-08-21/2025-08-21?adjusted=false&sort=asc&limit=1&apikey=QjD_Isd8mrkdv85s30J0r7qeGcApznGf "HTTP/2 200 OK"
2025-09-14 20:08:55,957 - httpx - INFO - HTTP Request: GET https://api.polygon.io/v2/aggs/ticker/STRR/range/30/minute/1755763200000/1755820800000?adjusted=false&sort=asc&limit=1000&apikey=QjD_Isd8mrkdv85s30J0r7qeGcApznGf "HTTP/2 200 OK"
2025-09-14 20:08:55,970 - httpx - INFO - HTTP Request: GET https://api.polygon.io/v2/aggs/ticker/NBY/range/1/day/2025-08-20/2025-08-20?adjusted=false&sort=asc&limit=1&apikey=QjD_Isd8mrkdv85s30J0r7qeGcApznGf "HTTP/2 200 OK"
2025-09-14 20:08:55,971 - httpx - INFO - HTTP Request: GET https://api.polygon.io/v2/aggs/ticker/RAY/range/30/minute/1755763200000/1755820800000?adjusted=false&sort=asc&limit=1000&apikey=QjD_Isd8mrkdv85s30J0r7qeGcApznGf "HTTP/2 200 OK"
2025-09-14 20:08:55,971 - httpx - INFO - HTTP Request: GET https://api.polygon.io/v2/aggs/ticker/THAR/range/30/minute/1755763200000/1755820800000?adjusted=false&sort=asc&limit=1000&apikey=QjD_Isd8mrkdv85s30J0r7qeGcApznGf "HTTP/2 200 OK"
2025-09-14 20:08:55,972 - httpx - INFO - HTTP Request: GET https://api.polygon.io/v2/aggs/ticker/PTIX/range/30/minute/1755763200000/1755820800000?adjusted=false&sort=asc&limit=1000&apikey=QjD_Isd8mrkdv85s30J0r7qeGcApznGf "HTTP/2 200 OK"
2025-09-14 20:08:55,972 - httpx - INFO - HTTP Request: GET https://api.polygon.io/v2/aggs/ticker/APM/range/30/minute/1755763200000/1755820800000?adjusted=false&sort=asc&limit=1000&apikey=QjD_Isd8mrkdv85s30J0r7qeGcApznGf "HTTP/2 200 OK"
2025-09-14 20:08:55,972 - httpx - INFO - HTTP Request: GET https://api.polygon.io/v2/aggs/ticker/AEMD/range/30/minute/1755763200000/1755820800000?adjusted=false&sort=asc&limit=1000&apikey=QjD_Isd8mrkdv85s30J0r7qeGcApznGf "HTTP/2 200 OK"
2025-09-14 20:08:55,975 - httpx - INFO - HTTP Request: GET https://api.polygon.io/v2/aggs/ticker/GRO/range/30/minute/1755676800000/1755734400000?adjusted=false&sort=asc&limit=1000&apikey=QjD_Isd8mrkdv85s30J0r7qeGcApznGf "HTTP/2 200 OK"
2025-09-14 20:08:55,979 - httpx - INFO - HTTP Request: GET https://api.polygon.io/v2/aggs/ticker/THAR/range/30/minute/1755676800000/1755734400000?adjusted=false&sort=asc&limit=1000&apikey=QjD_Isd8mrkdv85s30J0r7qeGcApznGf "HTTP/2 200 OK"
2025-09-14 20:08:55,983 - httpx - INFO - HTTP Request: GET https://api.polygon.io/v2/aggs/ticker/NBY/range/30/minute/1755676800000/1755734400000?adjusted=false&sort=asc&limit=1000&apikey=QjD_Isd8mrkdv85s30J0r7qeGcApznGf "HTTP/2 200 OK"
2025-09-14 20:08:55,989 - httpx - INFO - HTTP Request: GET https://api.polygon.io/v2/aggs/ticker/FLNT/range/1/day/2025-08-19/2025-08-19?adjusted=false&sort=asc&limit=1&apikey=QjD_Isd8mrkdv85s30J0r7qeGcApznGf "HTTP/2 200 OK"
2025-09-14 20:08:56,011 - httpx - INFO - HTTP Request: GET https://api.polygon.io/v2/aggs/ticker/LASE/range/1/day/2025-08-19/2025-08-19?adjusted=false&sort=asc&limit=1&apikey=QjD_Isd8mrkdv85s30J0r7qeGcApznGf "HTTP/2 200 OK"
2025-09-14 20:08:56,016 - httpx - INFO - HTTP Request: GET https://api.polygon.io/v2/aggs/ticker/BSLK/range/30/minute/1755590400000/1755648000000?adjusted=false&sort=asc&limit=1000&apikey=QjD_Isd8mrkdv85s30J0r7qeGcApznGf "HTTP/2 200 OK"
2025-09-14 20:08:56,016 - httpx - INFO - HTTP Request: GET https://api.polygon.io/v2/aggs/ticker/BSLK/range/1/day/2025-08-19/2025-08-19?adjusted=false&sort=asc&limit=1&apikey=QjD_Isd8mrkdv85s30J0r7qeGcApznGf "HTTP/2 200 OK"
2025-09-14 20:08:56,017 - httpx - INFO - HTTP Request: GET https://api.polygon.io/v2/aggs/ticker/GXAI/range/30/minute/1755590400000/1755648000000?adjusted=false&sort=asc&limit=1000&apikey=QjD_Isd8mrkdv85s30J0r7qeGcApznGf "HTTP/2 200 OK"
2025-09-14 20:08:56,017 - httpx - INFO - HTTP Request: GET https://api.polygon.io/v2/aggs/ticker/GXAI/range/1/day/2025-08-19/2025-08-19?adjusted=false&sort=asc&limit=1&apikey=QjD_Isd8mrkdv85s30J0r7qeGcApznGf "HTTP/2 200 OK"
2025-09-14 20:08:56,017 - httpx - INFO - HTTP Request: GET https://api.polygon.io/v2/aggs/ticker/FLNT/range/30/minute/1755590400000/1755648000000?adjusted=false&sort=asc&limit=1000&apikey=QjD_Isd8mrkdv85s30J0r7qeGcApznGf "HTTP/2 200 OK"
2025-09-14 20:08:56,018 - httpx - INFO - HTTP Request: GET https://api.polygon.io/v2/aggs/ticker/TLPH/range/1/day/2025-08-19/2025-08-19?adjusted=false&sort=asc&limit=1&apikey=QjD_Isd8mrkdv85s30J0r7qeGcApznGf "HTTP/2 200 OK"
2025-09-14 20:08:56,020 - httpx - INFO - HTTP Request: GET https://api.polygon.io/v2/aggs/ticker/PRFX/range/1/day/2025-08-19/2025-08-19?adjusted=false&sort=asc&limit=1&apikey=QjD_Isd8mrkdv85s30J0r7qeGcApznGf "HTTP/2 200 OK"
2025-09-14 20:08:56,021 - httpx - INFO - HTTP Request: GET https://api.polygon.io/v2/aggs/ticker/BINI/range/1/day/2025-08-19/2025-08-19?adjusted=false&sort=asc&limit=1&apikey=QjD_Isd8mrkdv85s30J0r7qeGcApznGf "HTTP/2 200 OK"
2025-09-14 20:08:56,022 - httpx - INFO - HTTP Request: GET https://api.polygon.io/v2/aggs/ticker/LASE/range/30/minute/1755590400000/1755648000000?adjusted=false&sort=asc&limit=1000&apikey=QjD_Isd8mrkdv85s30J0r7qeGcApznGf "HTTP/2 200 OK"
2025-09-14 20:08:56,022 - httpx - INFO - HTTP Request: GET https://api.polygon.io/v2/aggs/ticker/LASE/range/1/day/2025-08-18/2025-08-18?adjusted=false&sort=asc&limit=1&apikey=QjD_Isd8mrkdv85s30J0r7qeGcApznGf "HTTP/2 200 OK"
2025-09-14 20:08:56,024 - httpx - INFO - HTTP Request: GET https://api.polygon.io/v2/aggs/ticker/SNGX/range/1/day/2025-08-18/2025-08-18?adjusted=false&sort=asc&limit=1&apikey=QjD_Isd8mrkdv85s30J0r7qeGcApznGf "HTTP/2 200 OK"
2025-09-14 20:08:56,024 - httpx - INFO - HTTP Request: GET https://api.polygon.io/v2/aggs/ticker/ONMD/range/1/day/2025-08-18/2025-08-18?adjusted=false&sort=asc&limit=1&apikey=QjD_Isd8mrkdv85s30J0r7qeGcApznGf "HTTP/2 200 OK"
2025-09-14 20:08:56,025 - httpx - INFO - HTTP Request: GET https://api.polygon.io/v2/aggs/ticker/ASBP/range/1/day/2025-08-18/2025-08-18?adjusted=false&sort=asc&limit=1&apikey=QjD_Isd8mrkdv85s30J0r7qeGcApznGf "HTTP/2 200 OK"
2025-09-14 20:08:56,025 - httpx - INFO - HTTP Request: GET https://api.polygon.io/v2/aggs/ticker/MB/range/1/day/2025-08-18/2025-08-18?adjusted=false&sort=asc&limit=1&apikey=QjD_Isd8mrkdv85s30J0r7qeGcApznGf "HTTP/2 200 OK"
2025-09-14 20:08:56,039 - httpx - INFO - HTTP Request: GET https://api.polygon.io/v2/aggs/ticker/MB/range/30/minute/1755504000000/1755561600000?adjusted=false&sort=asc&limit=1000&apikey=QjD_Isd8mrkdv85s30J0r7qeGcApznGf "HTTP/2 200 OK"
2025-09-14 20:08:56,039 - httpx - INFO - HTTP Request: GET https://api.polygon.io/v2/aggs/ticker/TLPH/range/30/minute/1755590400000/1755648000000?adjusted=false&sort=asc&limit=1000&apikey=QjD_Isd8mrkdv85s30J0r7qeGcApznGf "HTTP/2 200 OK"
2025-09-14 20:08:56,041 - httpx - INFO - HTTP Request: GET https://api.polygon.io/v2/aggs/ticker/PRFX/range/30/minute/1755590400000/1755648000000?adjusted=false&sort=asc&limit=1000&apikey=QjD_Isd8mrkdv85s30J0r7qeGcApznGf "HTTP/2 200 OK"
2025-09-14 20:08:56,042 - httpx - INFO - HTTP Request: GET https://api.polygon.io/v2/aggs/ticker/BINI/range/30/minute/1755590400000/1755648000000?adjusted=false&sort=asc&limit=1000&apikey=QjD_Isd8mrkdv85s30J0r7qeGcApznGf "HTTP/2 200 OK"
2025-09-14 20:08:56,047 - httpx - INFO - HTTP Request: GET https://api.polygon.io/v2/aggs/ticker/LASE/range/30/minute/1755504000000/1755561600000?adjusted=false&sort=asc&limit=1000&apikey=QjD_Isd8mrkdv85s30J0r7qeGcApznGf "HTTP/2 200 OK"
2025-09-14 20:08:56,047 - httpx - INFO - HTTP Request: GET https://api.polygon.io/v2/aggs/ticker/SNGX/range/30/minute/1755504000000/1755561600000?adjusted=false&sort=asc&limit=1000&apikey=QjD_Isd8mrkdv85s30J0r7qeGcApznGf "HTTP/2 200 OK"
2025-09-14 20:08:56,047 - httpx - INFO - HTTP Request: GET https://api.polygon.io/v2/aggs/ticker/ONMD/range/30/minute/1755504000000/1755561600000?adjusted=false&sort=asc&limit=1000&apikey=QjD_Isd8mrkdv85s30J0r7qeGcApznGf "HTTP/2 200 OK"
2025-09-14 20:08:56,054 - httpx - INFO - HTTP Request: GET https://api.polygon.io/v2/aggs/ticker/WGRX/range/1/day/2025-08-18/2025-08-18?adjusted=false&sort=asc&limit=1&apikey=QjD_Isd8mrkdv85s30J0r7qeGcApznGf "HTTP/2 200 OK"
2025-09-14 20:08:56,054 - httpx - INFO - HTTP Request: GET https://api.polygon.io/v2/aggs/ticker/ASBP/range/30/minute/1755504000000/1755561600000?adjusted=false&sort=asc&limit=1000&apikey=QjD_Isd8mrkdv85s30J0r7qeGcApznGf "HTTP/2 200 OK"
2025-09-14 20:08:56,057 - httpx - INFO - HTTP Request: GET https://api.polygon.io/v2/aggs/ticker/PPCB/range/1/day/2025-08-18/2025-08-18?adjusted=false&sort=asc&limit=1&apikey=QjD_Isd8mrkdv85s30J0r7qeGcApznGf "HTTP/2 200 OK"
2025-09-14 20:08:56,058 - httpx - INFO - HTTP Request: GET https://api.polygon.io/v2/aggs/ticker/EM/range/1/day/2025-08-15/2025-08-15?adjusted=false&sort=asc&limit=1&apikey=QjD_Isd8mrkdv85s30J0r7qeGcApznGf "HTTP/2 200 OK"
2025-09-14 20:08:56,068 - backfill_async - ERROR - Unexpected error processing TNXP:2025-08-15: <ConnectionTerminated error_code:0, last_stream_id:199, additional_data:None>
2025-09-14 20:08:56,068 - backfill_async - ERROR - Unexpected error processing WGRX:2025-08-18: <ConnectionTerminated error_code:0, last_stream_id:199, additional_data:None>
2025-09-14 20:08:56,070 - backfill_async - ERROR - Unexpected error processing PPCB:2025-08-18: <ConnectionTerminated error_code:0, last_stream_id:199, additional_data:None>
2025-09-14 20:08:56,072 - backfill_async - ERROR - Unexpected error processing EM:2025-08-15: <ConnectionTerminated error_code:0, last_stream_id:199, additional_data:None>
2025-09-14 20:08:56,072 - backfill_async - ERROR - Unexpected error processing CUPR:2025-08-15: <ConnectionTerminated error_code:0, last_stream_id:199, additional_data:None>
2025-09-14 20:08:56,207 - httpx - INFO - HTTP Request: GET https://api.polygon.io/v2/aggs/ticker/BSLK/range/1/day/2025-08-15/2025-08-15?adjusted=false&sort=asc&limit=1&apikey=QjD_Isd8mrkdv85s30J0r7qeGcApznGf "HTTP/2 200 OK"
2025-09-14 20:08:56,211 - httpx - INFO - HTTP Request: GET https://api.polygon.io/v2/aggs/ticker/TIVC/range/1/day/2025-08-15/2025-08-15?adjusted=false&sort=asc&limit=1&apikey=QjD_Isd8mrkdv85s30J0r7qeGcApznGf "HTTP/2 200 OK"
2025-09-14 20:08:56,212 - httpx - INFO - HTTP Request: GET https://api.polygon.io/v2/aggs/ticker/PPSI/range/1/day/2025-08-15/2025-08-15?adjusted=false&sort=asc&limit=1&apikey=QjD_Isd8mrkdv85s30J0r7qeGcApznGf "HTTP/2 200 OK"
2025-09-14 20:08:56,213 - httpx - INFO - HTTP Request: GET https://api.polygon.io/v2/aggs/ticker/DFLI/range/1/day/2025-08-15/2025-08-15?adjusted=false&sort=asc&limit=1&apikey=QjD_Isd8mrkdv85s30J0r7qeGcApznGf "HTTP/2 200 OK"
2025-09-14 20:08:56,236 - httpx - INFO - HTTP Request: GET https://api.polygon.io/v2/aggs/ticker/XPON/range/1/day/2025-08-14/2025-08-14?adjusted=false&sort=asc&limit=1&apikey=QjD_Isd8mrkdv85s30J0r7qeGcApznGf "HTTP/2 200 OK"
2025-09-14 20:08:56,237 - httpx - INFO - HTTP Request: GET https://api.polygon.io/v2/aggs/ticker/PMNT/range/1/day/2025-08-15/2025-08-15?adjusted=false&sort=asc&limit=1&apikey=QjD_Isd8mrkdv85s30J0r7qeGcApznGf "HTTP/2 200 OK"
2025-09-14 20:08:56,238 - httpx - INFO - HTTP Request: GET https://api.polygon.io/v2/aggs/ticker/MTNB/range/1/day/2025-08-15/2025-08-15?adjusted=false&sort=asc&limit=1&apikey=QjD_Isd8mrkdv85s30J0r7qeGcApznGf "HTTP/2 200 OK"
2025-09-14 20:08:56,239 - httpx - INFO - HTTP Request: GET https://api.polygon.io/v2/aggs/ticker/SRXH/range/1/day/2025-08-15/2025-08-15?adjusted=false&sort=asc&limit=1&apikey=QjD_Isd8mrkdv85s30J0r7qeGcApznGf "HTTP/2 200 OK"
2025-09-14 20:08:56,239 - httpx - INFO - HTTP Request: GET https://api.polygon.io/v2/aggs/ticker/ORIS/range/1/day/2025-08-15/2025-08-15?adjusted=false&sort=asc&limit=1&apikey=QjD_Isd8mrkdv85s30J0r7qeGcApznGf "HTTP/2 200 OK"
2025-09-14 20:08:56,240 - httpx - INFO - HTTP Request: GET https://api.polygon.io/v2/aggs/ticker/ONMD/range/1/day/2025-08-14/2025-08-14?adjusted=false&sort=asc&limit=1&apikey=QjD_Isd8mrkdv85s30J0r7qeGcApznGf "HTTP/2 200 OK"
2025-09-14 20:08:56,240 - httpx - INFO - HTTP Request: GET https://api.polygon.io/v2/aggs/ticker/DFLI/range/30/minute/1755244800000/1755302400000?adjusted=false&sort=asc&limit=1000&apikey=QjD_Isd8mrkdv85s30J0r7qeGcApznGf "HTTP/2 200 OK"
2025-09-14 20:08:56,241 - httpx - INFO - HTTP Request: GET https://api.polygon.io/v2/aggs/ticker/ADD/range/1/day/2025-08-14/2025-08-14?adjusted=false&sort=asc&limit=1&apikey=QjD_Isd8mrkdv85s30J0r7qeGcApznGf "HTTP/2 200 OK"
2025-09-14 20:08:56,241 - httpx - INFO - HTTP Request: GET https://api.polygon.io/v2/aggs/ticker/PMNT/range/30/minute/1755244800000/1755302400000?adjusted=false&sort=asc&limit=1000&apikey=QjD_Isd8mrkdv85s30J0r7qeGcApznGf "HTTP/2 200 OK"
2025-09-14 20:08:56,242 - httpx - INFO - HTTP Request: GET https://api.polygon.io/v2/aggs/ticker/AERT/range/1/day/2025-08-14/2025-08-14?adjusted=false&sort=asc&limit=1&apikey=QjD_Isd8mrkdv85s30J0r7qeGcApznGf "HTTP/2 200 OK"
2025-09-14 20:08:56,243 - httpx - INFO - HTTP Request: GET https://api.polygon.io/v2/aggs/ticker/SRXH/range/30/minute/1755244800000/1755302400000?adjusted=false&sort=asc&limit=1000&apikey=QjD_Isd8mrkdv85s30J0r7qeGcApznGf "HTTP/2 200 OK"
2025-09-14 20:08:56,243 - httpx - INFO - HTTP Request: GET https://api.polygon.io/v2/aggs/ticker/TIVC/range/30/minute/1755244800000/1755302400000?adjusted=false&sort=asc&limit=1000&apikey=QjD_Isd8mrkdv85s30J0r7qeGcApznGf "HTTP/2 200 OK"
2025-09-14 20:08:56,243 - httpx - INFO - HTTP Request: GET https://api.polygon.io/v2/aggs/ticker/ORIS/range/30/minute/1755244800000/1755302400000?adjusted=false&sort=asc&limit=1000&apikey=QjD_Isd8mrkdv85s30J0r7qeGcApznGf "HTTP/2 200 OK"
2025-09-14 20:08:56,244 - httpx - INFO - HTTP Request: GET https://api.polygon.io/v2/aggs/ticker/PPSI/range/30/minute/1755244800000/1755302400000?adjusted=false&sort=asc&limit=1000&apikey=QjD_Isd8mrkdv85s30J0r7qeGcApznGf "HTTP/2 200 OK"
2025-09-14 20:08:56,244 - httpx - INFO - HTTP Request: GET https://api.polygon.io/v2/aggs/ticker/ADD/range/30/minute/1755158400000/1755216000000?adjusted=false&sort=asc&limit=1000&apikey=QjD_Isd8mrkdv85s30J0r7qeGcApznGf "HTTP/2 200 OK"
2025-09-14 20:08:56,246 - httpx - INFO - HTTP Request: GET https://api.polygon.io/v2/aggs/ticker/AERT/range/30/minute/1755158400000/1755216000000?adjusted=false&sort=asc&limit=1000&apikey=QjD_Isd8mrkdv85s30J0r7qeGcApznGf "HTTP/2 200 OK"
2025-09-14 20:08:56,246 - httpx - INFO - HTTP Request: GET https://api.polygon.io/v2/aggs/ticker/MTNB/range/30/minute/1755244800000/1755302400000?adjusted=false&sort=asc&limit=1000&apikey=QjD_Isd8mrkdv85s30J0r7qeGcApznGf "HTTP/2 200 OK"
2025-09-14 20:08:56,252 - httpx - INFO - HTTP Request: GET https://api.polygon.io/v2/aggs/ticker/ONMD/range/30/minute/1755158400000/1755216000000?adjusted=false&sort=asc&limit=1000&apikey=QjD_Isd8mrkdv85s30J0r7qeGcApznGf "HTTP/2 200 OK"
2025-09-14 20:08:56,255 - httpx - INFO - HTTP Request: GET https://api.polygon.io/v2/aggs/ticker/XPON/range/30/minute/1755158400000/1755216000000?adjusted=false&sort=asc&limit=1000&apikey=QjD_Isd8mrkdv85s30J0r7qeGcApznGf "HTTP/2 200 OK"
2025-09-14 20:08:56,258 - httpx - INFO - HTTP Request: GET https://api.polygon.io/v2/aggs/ticker/BSLK/range/30/minute/1755244800000/1755302400000?adjusted=false&sort=asc&limit=1000&apikey=QjD_Isd8mrkdv85s30J0r7qeGcApznGf "HTTP/2 200 OK"
2025-09-14 20:08:56,283 - httpx - INFO - HTTP Request: GET https://api.polygon.io/v2/aggs/ticker/TRIB/range/1/day/2025-08-14/2025-08-14?adjusted=false&sort=asc&limit=1&apikey=QjD_Isd8mrkdv85s30J0r7qeGcApznGf "HTTP/2 200 OK"
2025-09-14 20:08:56,289 - httpx - INFO - HTTP Request: GET https://api.polygon.io/v2/aggs/ticker/ATNF/range/1/day/2025-08-13/2025-08-13?adjusted=false&sort=asc&limit=1&apikey=QjD_Isd8mrkdv85s30J0r7qeGcApznGf "HTTP/2 200 OK"
2025-09-14 20:08:56,292 - httpx - INFO - HTTP Request: GET https://api.polygon.io/v2/aggs/ticker/XFOR/range/1/day/2025-08-13/2025-08-13?adjusted=false&sort=asc&limit=1&apikey=QjD_Isd8mrkdv85s30J0r7qeGcApznGf "HTTP/2 200 OK"
2025-09-14 20:08:56,293 - httpx - INFO - HTTP Request: GET https://api.polygon.io/v2/aggs/ticker/TPIC/range/1/day/2025-08-14/2025-08-14?adjusted=false&sort=asc&limit=1&apikey=QjD_Isd8mrkdv85s30J0r7qeGcApznGf "HTTP/2 200 OK"
2025-09-14 20:08:56,294 - httpx - INFO - HTTP Request: GET https://api.polygon.io/v2/aggs/ticker/SNOA/range/1/day/2025-08-14/2025-08-14?adjusted=false&sort=asc&limit=1&apikey=QjD_Isd8mrkdv85s30J0r7qeGcApznGf "HTTP/2 200 OK"
2025-09-14 20:08:56,302 - httpx - INFO - HTTP Request: GET https://api.polygon.io/v2/aggs/ticker/QMMM/range/1/day/2025-08-13/2025-08-13?adjusted=false&sort=asc&limit=1&apikey=QjD_Isd8mrkdv85s30J0r7qeGcApznGf "HTTP/2 200 OK"
2025-09-14 20:08:56,303 - httpx - INFO - HTTP Request: GET https://api.polygon.io/v2/aggs/ticker/BSLK/range/1/day/2025-08-13/2025-08-13?adjusted=false&sort=asc&limit=1&apikey=QjD_Isd8mrkdv85s30J0r7qeGcApznGf "HTTP/2 200 OK"
2025-09-14 20:08:56,303 - httpx - INFO - HTTP Request: GET https://api.polygon.io/v2/aggs/ticker/MNTS/range/1/day/2025-08-13/2025-08-13?adjusted=false&sort=asc&limit=1&apikey=QjD_Isd8mrkdv85s30J0r7qeGcApznGf "HTTP/2 200 OK"
2025-09-14 20:08:56,309 - httpx - INFO - HTTP Request: GET https://api.polygon.io/v2/aggs/ticker/CRE/range/1/day/2025-08-13/2025-08-13?adjusted=false&sort=asc&limit=1&apikey=QjD_Isd8mrkdv85s30J0r7qeGcApznGf "HTTP/2 200 OK"
2025-09-14 20:08:56,309 - httpx - INFO - HTTP Request: GET https://api.polygon.io/v2/aggs/ticker/TRIB/range/30/minute/1755158400000/1755216000000?adjusted=false&sort=asc&limit=1000&apikey=QjD_Isd8mrkdv85s30J0r7qeGcApznGf "HTTP/2 200 OK"
2025-09-14 20:08:56,310 - httpx - INFO - HTTP Request: GET https://api.polygon.io/v2/aggs/ticker/SNOA/range/30/minute/1755158400000/1755216000000?adjusted=false&sort=asc&limit=1000&apikey=QjD_Isd8mrkdv85s30J0r7qeGcApznGf "HTTP/2 200 OK"
2025-09-14 20:08:56,310 - httpx - INFO - HTTP Request: GET https://api.polygon.io/v2/aggs/ticker/ATNF/range/30/minute/1755072000000/1755129600000?adjusted=false&sort=asc&limit=1000&apikey=QjD_Isd8mrkdv85s30J0r7qeGcApznGf "HTTP/2 200 OK"
2025-09-14 20:08:56,311 - httpx - INFO - HTTP Request: GET https://api.polygon.io/v2/aggs/ticker/TPIC/range/30/minute/1755158400000/1755216000000?adjusted=false&sort=asc&limit=1000&apikey=QjD_Isd8mrkdv85s30J0r7qeGcApznGf "HTTP/2 200 OK"
2025-09-14 20:08:56,313 - httpx - INFO - HTTP Request: GET https://api.polygon.io/v2/aggs/ticker/XFOR/range/30/minute/1755072000000/1755129600000?adjusted=false&sort=asc&limit=1000&apikey=QjD_Isd8mrkdv85s30J0r7qeGcApznGf "HTTP/2 200 OK"
2025-09-14 20:08:56,314 - httpx - INFO - HTTP Request: GET https://api.polygon.io/v2/aggs/ticker/QMMM/range/30/minute/1755072000000/1755129600000?adjusted=false&sort=asc&limit=1000&apikey=QjD_Isd8mrkdv85s30J0r7qeGcApznGf "HTTP/2 200 OK"
2025-09-14 20:08:56,315 - httpx - INFO - HTTP Request: GET https://api.polygon.io/v2/aggs/ticker/MNTS/range/30/minute/1755072000000/1755129600000?adjusted=false&sort=asc&limit=1000&apikey=QjD_Isd8mrkdv85s30J0r7qeGcApznGf "HTTP/2 200 OK"
2025-09-14 20:08:56,316 - httpx - INFO - HTTP Request: GET https://api.polygon.io/v2/aggs/ticker/BSLK/range/30/minute/1755072000000/1755129600000?adjusted=false&sort=asc&limit=1000&apikey=QjD_Isd8mrkdv85s30J0r7qeGcApznGf "HTTP/2 200 OK"
2025-09-14 20:08:56,318 - httpx - INFO - HTTP Request: GET https://api.polygon.io/v2/aggs/ticker/CRE/range/30/minute/1755072000000/1755129600000?adjusted=false&sort=asc&limit=1000&apikey=QjD_Isd8mrkdv85s30J0r7qeGcApznGf "HTTP/2 200 OK"
2025-09-14 20:08:56,324 - backfill_async - INFO - Wrote 157 rows to database
2025-09-14 20:08:56,324 - backfill_async - INFO - Backfill complete: 157/171 successful, 0 failed, 157 rows written
2025-09-14 20:09:14,150 - journal.services.profile_service - INFO - [36mextra[0m=[35m{'profile_id': 11, 'name': 'Isolation Test 1 1757809358', 'logger': 'journal.services.profile_service', 'level': 'info'}[0m [36mmsg[0m=[35m'Switching to profile'[0m
2025-09-14 20:09:14,150 - journal.services.profile_service - INFO - [36mextra[0m=[35m{'profile_id': 11, 'name': 'Isolation Test 1 1757809358', 'logger': 'journal.services.profile_service', 'level': 'info'}[0m [36mmsg[0m=[35m'Switching to profile'[0m
2025-09-14 20:09:15,233 - journal.services.profile_service - INFO - [36mextra[0m=[35m{'profile_id': 16, 'name': 'Default', 'logger': 'journal.services.profile_service', 'level': 'info'}[0m [36mmsg[0m=[35m'Switching to profile'[0m
2025-09-14 20:09:15,234 - journal.services.profile_service - INFO - [36mextra[0m=[35m{'profile_id': 16, 'name': 'Default', 'logger': 'journal.services.profile_service', 'level': 'info'}[0m [36mmsg[0m=[35m'Switching to profile'[0m
2025-09-14 20:09:20,354 - journal.services.profile_service - INFO - [36mextra[0m=[35m{'profile_id': 19, 'name': 'Test B', 'logger': 'journal.services.profile_service', 'level': 'info'}[0m [36mmsg[0m=[35m'Switching to profile'[0m
2025-09-14 20:09:20,363 - journal.services.profile_service - INFO - [36mextra[0m=[35m{'profile_id': 19, 'name': 'Test B', 'logger': 'journal.services.profile_service', 'level': 'info'}[0m [36mmsg[0m=[35m'Switching to profile'[0m
2025-09-14 20:09:28,166 - journal.services.profile_service - INFO - [36mextra[0m=[35m{'profile_id': 16, 'name': 'Default', 'logger': 'journal.services.profile_service', 'level': 'info'}[0m [36mmsg[0m=[35m'Switching to profile'[0m
2025-09-14 20:09:28,166 - journal.services.profile_service - INFO - [36mextra[0m=[35m{'profile_id': 16, 'name': 'Default', 'logger': 'journal.services.profile_service', 'level': 'info'}[0m [36mmsg[0m=[35m'Switching to profile'[0m
2025-09-14 20:10:24,546 - journal.services.profile_service - INFO - [36mextra[0m=[35m{'profile_id': 19, 'name': 'Test B', 'logger': 'journal.services.profile_service', 'level': 'info'}[0m [36mmsg[0m=[35m'Switching to profile'[0m
2025-09-14 20:10:24,555 - journal.services.profile_service - INFO - [36mextra[0m=[35m{'profile_id': 19, 'name': 'Test B', 'logger': 'journal.services.profile_service', 'level': 'info'}[0m [36mmsg[0m=[35m'Switching to profile'[0m
2025-09-14 20:22:22,574 - journal.services.profile_service - INFO - [36mextra[0m=[35m{'profile_id': 19, 'name': 'Test B', 'logger': 'journal.services.profile_service', 'level': 'info'}[0m [36mmsg[0m=[35m'Switching to profile'[0m
2025-09-14 20:22:22,582 - journal.services.profile_service - INFO - [36mextra[0m=[35m{'profile_id': 19, 'name': 'Test B', 'logger': 'journal.services.profile_service', 'level': 'info'}[0m [36mmsg[0m=[35m'Switching to profile'[0m
2025-09-14 20:24:54,644 - journal.services.profile_service - INFO - [36mextra[0m=[35m{'profile_id': 19, 'name': 'Test B', 'logger': 'journal.services.profile_service', 'level': 'info'}[0m [36mmsg[0m=[35m'Switching to profile'[0m
2025-09-14 20:24:54,655 - journal.services.profile_service - INFO - [36mextra[0m=[35m{'profile_id': 19, 'name': 'Test B', 'logger': 'journal.services.profile_service', 'level': 'info'}[0m [36mmsg[0m=[35m'Switching to profile'[0m
