2025-09-13 11:54:48,580 | INFO | ingest_done | profile=1 | inserted=2 | duplicates=1 | errors=0
2025-09-13 11:54:48,582 | INFO | ingest_done | profile=1 | inserted=0 | duplicates=3 | errors=0
2025-09-13 11:54:48,593 | WARNING | row_error | empty symbol | row={'Date': None, 'Time': '09:35', 'Symbol': ' ', 'Side': 'LONG', 'Quantity': 100, 'Entry': 1.23, 'Exit': 1.45, 'PnL': 22.0, 'ReturnPct': 17.9, 'Notes': 'Missing date & symbol'}
2025-09-13 11:54:48,594 | WARNING | row_error | bad date: 2024-13-02 | row={'Date': '2024-13-02', 'Time': '09:35', 'Symbol': 'ZZZZ', 'Side': 'LONG', 'Quantity': 100, 'Entry': 1.23, 'Exit': 1.45, 'PnL': 22.0, 'ReturnPct': 17.9, 'Notes': 'Bad month'}
2025-09-13 11:54:48,594 | INFO | dry_run | profile=1 | rows=0 | symbols=0 | errors=2
2025-09-13 11:55:10,088 | INFO | dry_run | profile=1 | rows=3 | symbols=2 | errors=0
2025-09-13 11:55:15,261 | INFO | ingest_done | profile=1 | inserted=0 | duplicates=3 | errors=0
2025-09-13 11:55:21,692 | INFO | ingest_done | profile=1 | inserted=0 | duplicates=3 | errors=0
2025-09-13 11:55:26,454 | WARNING | row_error | empty symbol | row={'Date': None, 'Time': '09:35', 'Symbol': ' ', 'Side': 'LONG', 'Quantity': 100, 'Entry': 1.23, 'Exit': 1.45, 'PnL': 22.0, 'ReturnPct': 17.9, 'Notes': 'Missing date & symbol'}
2025-09-13 11:55:26,458 | WARNING | row_error | bad date: 2024-13-02 | row={'Date': '2024-13-02', 'Time': '09:35', 'Symbol': 'ZZZZ', 'Side': 'LONG', 'Quantity': 100, 'Entry': 1.23, 'Exit': 1.45, 'PnL': 22.0, 'ReturnPct': 17.9, 'Notes': 'Bad month'}
2025-09-13 11:55:26,458 | INFO | dry_run | profile=1 | rows=0 | symbols=0 | errors=2
2025-09-13 11:56:39,875 | INFO | ingest_done | profile=1 | inserted=0 | duplicates=3 | errors=0
2025-09-13 11:56:39,878 | INFO | ingest_done | profile=1 | inserted=0 | duplicates=3 | errors=0
2025-09-13 11:56:39,995 | WARNING | row_error | empty symbol | row={'Date': None, 'Time': '09:35', 'Symbol': ' ', 'Side': 'LONG', 'Quantity': 100, 'Entry': 1.23, 'Exit': 1.45, 'PnL': 22.0, 'ReturnPct': 17.9, 'Notes': 'Missing date & symbol'}
2025-09-13 11:56:39,996 | WARNING | row_error | bad date: 2024-13-02 | row={'Date': '2024-13-02', 'Time': '09:35', 'Symbol': 'ZZZZ', 'Side': 'LONG', 'Quantity': 100, 'Entry': 1.23, 'Exit': 1.45, 'PnL': 22.0, 'ReturnPct': 17.9, 'Notes': 'Bad month'}
2025-09-13 11:56:39,996 | INFO | dry_run | profile=1 | rows=0 | symbols=0 | errors=2
2025-09-13 11:56:58,290 | INFO | ingest_done | profile=8276 | inserted=2 | duplicates=1 | errors=0
2025-09-13 11:56:58,292 | INFO | ingest_done | profile=8276 | inserted=0 | duplicates=3 | errors=0
2025-09-13 11:56:58,297 | WARNING | row_error | empty symbol | row={'Date': None, 'Time': '09:35', 'Symbol': ' ', 'Side': 'LONG', 'Quantity': 100, 'Entry': 1.23, 'Exit': 1.45, 'PnL': 22.0, 'ReturnPct': 17.9, 'Notes': 'Missing date & symbol'}
2025-09-13 11:56:58,298 | WARNING | row_error | bad date: 2024-13-02 | row={'Date': '2024-13-02', 'Time': '09:35', 'Symbol': 'ZZZZ', 'Side': 'LONG', 'Quantity': 100, 'Entry': 1.23, 'Exit': 1.45, 'PnL': 22.0, 'ReturnPct': 17.9, 'Notes': 'Bad month'}
2025-09-13 11:56:58,298 | INFO | dry_run | profile=8296 | rows=0 | symbols=0 | errors=2
2025-09-13 11:59:01,102 | INFO | ingest_done | profile=1085 | inserted=2 | duplicates=1 | errors=0
2025-09-13 11:59:01,105 | INFO | ingest_done | profile=1085 | inserted=0 | duplicates=3 | errors=0
2025-09-13 11:59:01,110 | WARNING | row_error | empty symbol | row={'Date': None, 'Time': '09:35', 'Symbol': ' ', 'Side': 'LONG', 'Quantity': 100, 'Entry': 1.23, 'Exit': 1.45, 'PnL': 22.0, 'ReturnPct': 17.9, 'Notes': 'Missing date & symbol'}
2025-09-13 11:59:01,110 | WARNING | row_error | bad date: 2024-13-02 | row={'Date': '2024-13-02', 'Time': '09:35', 'Symbol': 'ZZZZ', 'Side': 'LONG', 'Quantity': 100, 'Entry': 1.23, 'Exit': 1.45, 'PnL': 22.0, 'ReturnPct': 17.9, 'Notes': 'Bad month'}
2025-09-13 11:59:01,110 | INFO | dry_run | profile=1108 | rows=0 | symbols=0 | errors=2
2025-09-13 11:59:07,362 | INFO | dry_run | profile=999 | rows=3 | symbols=2 | errors=0
2025-09-13 11:59:08,463 | WARNING | row_error | empty symbol | row={'Date': None, 'Time': '09:35', 'Symbol': ' ', 'Side': 'LONG', 'Quantity': 100, 'Entry': 1.23, 'Exit': 1.45, 'PnL': 22.0, 'ReturnPct': 17.9, 'Notes': 'Missing date & symbol'}
2025-09-13 11:59:08,467 | WARNING | row_error | bad date: 2024-13-02 | row={'Date': '2024-13-02', 'Time': '09:35', 'Symbol': 'ZZZZ', 'Side': 'LONG', 'Quantity': 100, 'Entry': 1.23, 'Exit': 1.45, 'PnL': 22.0, 'ReturnPct': 17.9, 'Notes': 'Bad month'}
2025-09-13 11:59:08,467 | INFO | dry_run | profile=999 | rows=0 | symbols=0 | errors=2
2025-09-13 11:59:28,536 | INFO | ingest_done | profile=12345 | inserted=2 | duplicates=1 | errors=0
2025-09-13 11:59:29,581 | INFO | ingest_done | profile=12345 | inserted=0 | duplicates=3 | errors=0
2025-09-13 11:59:42,319 | INFO | ingest_done | profile=2310 | inserted=2 | duplicates=1 | errors=0
2025-09-13 11:59:42,321 | INFO | ingest_done | profile=2310 | inserted=0 | duplicates=3 | errors=0
2025-09-13 11:59:42,326 | WARNING | row_error | empty symbol | row={'Date': None, 'Time': '09:35', 'Symbol': ' ', 'Side': 'LONG', 'Quantity': 100, 'Entry': 1.23, 'Exit': 1.45, 'PnL': 22.0, 'ReturnPct': 17.9, 'Notes': 'Missing date & symbol'}
2025-09-13 11:59:42,326 | WARNING | row_error | bad date: 2024-13-02 | row={'Date': '2024-13-02', 'Time': '09:35', 'Symbol': 'ZZZZ', 'Side': 'LONG', 'Quantity': 100, 'Entry': 1.23, 'Exit': 1.45, 'PnL': 22.0, 'ReturnPct': 17.9, 'Notes': 'Bad month'}
2025-09-13 11:59:42,326 | INFO | dry_run | profile=2324 | rows=0 | symbols=0 | errors=2
2025-09-13 12:12:04,728 | INFO | ingest_done | profile=4721 | inserted=2 | duplicates=1 | errors=0
2025-09-13 12:12:04,731 | INFO | ingest_done | profile=4721 | inserted=0 | duplicates=3 | errors=0
2025-09-13 12:12:04,735 | WARNING | row_error | empty symbol | row={'Date': None, 'Time': '09:35', 'Symbol': ' ', 'Side': 'LONG', 'Quantity': 100, 'Entry': 1.23, 'Exit': 1.45, 'PnL': 22.0, 'ReturnPct': 17.9, 'Notes': 'Missing date & symbol'}
2025-09-13 12:12:04,736 | WARNING | row_error | bad date: 2024-13-02 | row={'Date': '2024-13-02', 'Time': '09:35', 'Symbol': 'ZZZZ', 'Side': 'LONG', 'Quantity': 100, 'Entry': 1.23, 'Exit': 1.45, 'PnL': 22.0, 'ReturnPct': 17.9, 'Notes': 'Bad month'}
2025-09-13 12:12:04,736 | INFO | dry_run | profile=4734 | rows=0 | symbols=0 | errors=2
2025-09-13 12:15:33,658 | INFO | ingest_done | profile=3651 | inserted=2 | duplicates=1 | errors=0
2025-09-13 12:15:33,661 | INFO | ingest_done | profile=3651 | inserted=0 | duplicates=3 | errors=0
2025-09-13 12:15:33,665 | WARNING | row_error | empty symbol | row={'Date': None, 'Time': '09:35', 'Symbol': ' ', 'Side': 'LONG', 'Quantity': 100, 'Entry': 1.23, 'Exit': 1.45, 'PnL': 22.0, 'ReturnPct': 17.9, 'Notes': 'Missing date & symbol'}
2025-09-13 12:15:33,666 | WARNING | row_error | bad date: 2024-13-02 | row={'Date': '2024-13-02', 'Time': '09:35', 'Symbol': 'ZZZZ', 'Side': 'LONG', 'Quantity': 100, 'Entry': 1.23, 'Exit': 1.45, 'PnL': 22.0, 'ReturnPct': 17.9, 'Notes': 'Bad month'}
2025-09-13 12:15:33,666 | INFO | dry_run | profile=3664 | rows=0 | symbols=0 | errors=2
2025-09-13 12:22:37,944 | INFO | ingest_done | profile=7930 | inserted=2 | duplicates=1 | errors=0
2025-09-13 12:22:37,947 | INFO | ingest_done | profile=7930 | inserted=0 | duplicates=3 | errors=0
2025-09-13 12:22:37,960 | WARNING | row_error | empty symbol | row={'Date': None, 'Time': '09:35', 'Symbol': ' ', 'Side': 'LONG', 'Quantity': 100, 'Entry': 1.23, 'Exit': 1.45, 'PnL': 22.0, 'ReturnPct': 17.9, 'Notes': 'Missing date & symbol'}
2025-09-13 12:22:37,960 | WARNING | row_error | bad date: 2024-13-02 | row={'Date': '2024-13-02', 'Time': '09:35', 'Symbol': 'ZZZZ', 'Side': 'LONG', 'Quantity': 100, 'Entry': 1.23, 'Exit': 1.45, 'PnL': 22.0, 'ReturnPct': 17.9, 'Notes': 'Bad month'}
2025-09-13 12:22:37,960 | INFO | dry_run | profile=7953 | rows=0 | symbols=0 | errors=2
2025-09-13 12:29:57,576 | INFO | ingest_done | profile=7568 | inserted=2 | duplicates=1 | errors=0
2025-09-13 12:29:57,578 | INFO | ingest_done | profile=7568 | inserted=0 | duplicates=3 | errors=0
2025-09-13 12:29:57,583 | WARNING | row_error | empty symbol | row={'Date': None, 'Time': '09:35', 'Symbol': ' ', 'Side': 'LONG', 'Quantity': 100, 'Entry': 1.23, 'Exit': 1.45, 'PnL': 22.0, 'ReturnPct': 17.9, 'Notes': 'Missing date & symbol'}
2025-09-13 12:29:57,583 | WARNING | row_error | bad date: 2024-13-02 | row={'Date': '2024-13-02', 'Time': '09:35', 'Symbol': 'ZZZZ', 'Side': 'LONG', 'Quantity': 100, 'Entry': 1.23, 'Exit': 1.45, 'PnL': 22.0, 'ReturnPct': 17.9, 'Notes': 'Bad month'}
2025-09-13 12:29:57,584 | INFO | dry_run | profile=7581 | rows=0 | symbols=0 | errors=2
2025-09-13 12:33:56,516 | INFO | ingest_done | profile=6509 | inserted=2 | duplicates=1 | errors=0
2025-09-13 12:33:56,518 | INFO | ingest_done | profile=6509 | inserted=0 | duplicates=3 | errors=0
2025-09-13 12:33:56,523 | WARNING | row_error | empty symbol | row={'Date': None, 'Time': '09:35', 'Symbol': ' ', 'Side': 'LONG', 'Quantity': 100, 'Entry': 1.23, 'Exit': 1.45, 'PnL': 22.0, 'ReturnPct': 17.9, 'Notes': 'Missing date & symbol'}
2025-09-13 12:33:56,523 | WARNING | row_error | bad date: 2024-13-02 | row={'Date': '2024-13-02', 'Time': '09:35', 'Symbol': 'ZZZZ', 'Side': 'LONG', 'Quantity': 100, 'Entry': 1.23, 'Exit': 1.45, 'PnL': 22.0, 'ReturnPct': 17.9, 'Notes': 'Bad month'}
2025-09-13 12:33:56,523 | INFO | dry_run | profile=6521 | rows=0 | symbols=0 | errors=2
2025-09-13 12:35:02,280 | INFO | ingest_done | profile=2273 | inserted=2 | duplicates=1 | errors=0
2025-09-13 12:35:02,282 | INFO | ingest_done | profile=2273 | inserted=0 | duplicates=3 | errors=0
2025-09-13 12:35:02,287 | WARNING | row_error | empty symbol | row={'Date': None, 'Time': '09:35', 'Symbol': ' ', 'Side': 'LONG', 'Quantity': 100, 'Entry': 1.23, 'Exit': 1.45, 'PnL': 22.0, 'ReturnPct': 17.9, 'Notes': 'Missing date & symbol'}
2025-09-13 12:35:02,288 | WARNING | row_error | bad date: 2024-13-02 | row={'Date': '2024-13-02', 'Time': '09:35', 'Symbol': 'ZZZZ', 'Side': 'LONG', 'Quantity': 100, 'Entry': 1.23, 'Exit': 1.45, 'PnL': 22.0, 'ReturnPct': 17.9, 'Notes': 'Bad month'}
2025-09-13 12:35:02,288 | INFO | dry_run | profile=2286 | rows=0 | symbols=0 | errors=2
2025-09-13 12:57:05,522 | WARNING | row_error | empty symbol | row={'Date': None, 'Time': '09:35', 'Symbol': ' ', 'Side': 'LONG', 'Quantity': 100, 'Entry': 1.23, 'Exit': 1.45, 'PnL': 22.0, 'ReturnPct': 17.9, 'Notes': 'Missing date & symbol'}
2025-09-13 12:57:05,526 | WARNING | row_error | bad date: 2024-13-02 | row={'Date': '2024-13-02', 'Time': '09:35', 'Symbol': 'ZZZZ', 'Side': 'LONG', 'Quantity': 100, 'Entry': 1.23, 'Exit': 1.45, 'PnL': 22.0, 'ReturnPct': 17.9, 'Notes': 'Bad month'}
2025-09-13 12:57:05,526 | INFO | dry_run | profile=5519 | rows=0 | symbols=0 | errors=2
2025-09-13 12:57:11,472 | INFO | ingest_done | profile=1463 | inserted=2 | duplicates=1 | errors=0
2025-09-13 12:57:11,474 | INFO | ingest_done | profile=1463 | inserted=0 | duplicates=3 | errors=0
2025-09-13 12:57:11,480 | WARNING | row_error | empty symbol | row={'Date': None, 'Time': '09:35', 'Symbol': ' ', 'Side': 'LONG', 'Quantity': 100, 'Entry': 1.23, 'Exit': 1.45, 'PnL': 22.0, 'ReturnPct': 17.9, 'Notes': 'Missing date & symbol'}
2025-09-13 12:57:11,480 | WARNING | row_error | bad date: 2024-13-02 | row={'Date': '2024-13-02', 'Time': '09:35', 'Symbol': 'ZZZZ', 'Side': 'LONG', 'Quantity': 100, 'Entry': 1.23, 'Exit': 1.45, 'PnL': 22.0, 'ReturnPct': 17.9, 'Notes': 'Bad month'}
2025-09-13 12:57:11,480 | INFO | dry_run | profile=1478 | rows=0 | symbols=0 | errors=2
2025-09-13 12:57:50,724 | INFO | ingest_done | profile=716 | inserted=2 | duplicates=1 | errors=0
2025-09-13 12:57:50,726 | INFO | ingest_done | profile=716 | inserted=0 | duplicates=3 | errors=0
2025-09-13 12:57:50,732 | WARNING | row_error | empty symbol | row={'Date': None, 'Time': '09:35', 'Symbol': ' ', 'Side': 'LONG', 'Quantity': 100, 'Entry': 1.23, 'Exit': 1.45, 'PnL': 22.0, 'ReturnPct': 17.9, 'Notes': 'Missing date & symbol'}
2025-09-13 12:57:50,732 | WARNING | row_error | bad date: 2024-13-02 | row={'Date': '2024-13-02', 'Time': '09:35', 'Symbol': 'ZZZZ', 'Side': 'LONG', 'Quantity': 100, 'Entry': 1.23, 'Exit': 1.45, 'PnL': 22.0, 'ReturnPct': 17.9, 'Notes': 'Bad month'}
2025-09-13 12:57:50,732 | INFO | dry_run | profile=730 | rows=0 | symbols=0 | errors=2
2025-09-13 12:58:16,125 | INFO | ingest_done | profile=6118 | inserted=2 | duplicates=1 | errors=0
2025-09-13 12:58:16,127 | INFO | ingest_done | profile=6118 | inserted=0 | duplicates=3 | errors=0
2025-09-13 12:58:16,132 | WARNING | row_error | empty symbol | row={'Date': None, 'Time': '09:35', 'Symbol': ' ', 'Side': 'LONG', 'Quantity': 100, 'Entry': 1.23, 'Exit': 1.45, 'PnL': 22.0, 'ReturnPct': 17.9, 'Notes': 'Missing date & symbol'}
2025-09-13 12:58:16,133 | WARNING | row_error | bad date: 2024-13-02 | row={'Date': '2024-13-02', 'Time': '09:35', 'Symbol': 'ZZZZ', 'Side': 'LONG', 'Quantity': 100, 'Entry': 1.23, 'Exit': 1.45, 'PnL': 22.0, 'ReturnPct': 17.9, 'Notes': 'Bad month'}
2025-09-13 12:58:16,133 | INFO | dry_run | profile=6131 | rows=0 | symbols=0 | errors=2
2025-09-13 13:00:50,833 | INFO | ingest_done | profile=825 | inserted=2 | duplicates=1 | errors=0
2025-09-13 13:00:50,835 | INFO | ingest_done | profile=825 | inserted=0 | duplicates=3 | errors=0
2025-09-13 13:00:50,840 | WARNING | row_error | empty symbol | row={'Date': None, 'Time': '09:35', 'Symbol': ' ', 'Side': 'LONG', 'Quantity': 100, 'Entry': 1.23, 'Exit': 1.45, 'PnL': 22.0, 'ReturnPct': 17.9, 'Notes': 'Missing date & symbol'}
2025-09-13 13:00:50,841 | WARNING | row_error | bad date: 2024-13-02 | row={'Date': '2024-13-02', 'Time': '09:35', 'Symbol': 'ZZZZ', 'Side': 'LONG', 'Quantity': 100, 'Entry': 1.23, 'Exit': 1.45, 'PnL': 22.0, 'ReturnPct': 17.9, 'Notes': 'Bad month'}
2025-09-13 13:00:50,841 | INFO | dry_run | profile=839 | rows=0 | symbols=0 | errors=2
2025-09-13 13:03:37,352 | INFO | ingest_done | profile=7343 | inserted=2 | duplicates=1 | errors=0
2025-09-13 13:03:37,354 | INFO | ingest_done | profile=7343 | inserted=0 | duplicates=3 | errors=0
2025-09-13 13:03:37,359 | WARNING | row_error | empty symbol | row={'Date': None, 'Time': '09:35', 'Symbol': ' ', 'Side': 'LONG', 'Quantity': 100, 'Entry': 1.23, 'Exit': 1.45, 'PnL': 22.0, 'ReturnPct': 17.9, 'Notes': 'Missing date & symbol'}
2025-09-13 13:03:37,360 | WARNING | row_error | bad date: 2024-13-02 | row={'Date': '2024-13-02', 'Time': '09:35', 'Symbol': 'ZZZZ', 'Side': 'LONG', 'Quantity': 100, 'Entry': 1.23, 'Exit': 1.45, 'PnL': 22.0, 'ReturnPct': 17.9, 'Notes': 'Bad month'}
2025-09-13 13:03:37,360 | INFO | dry_run | profile=7357 | rows=0 | symbols=0 | errors=2
2025-09-13 18:50:09,634 | INFO | Processing 1 chunks of ~5000 rows each
2025-09-13 18:50:09,635 | ERROR | Failed to process chunk 0: process_csv_chunk() got multiple values for argument 'mapping'
2025-09-13 18:50:09,635 | INFO | Upserting 0 symbols
2025-09-13 18:50:09,635 | INFO | ingest_done | profile=9621 | inserted=0 | duplicates=0 | errors=0
2025-09-13 18:50:09,636 | INFO | Processing 1 chunks of ~5000 rows each
2025-09-13 18:50:09,636 | ERROR | Failed to process chunk 0: process_csv_chunk() got multiple values for argument 'mapping'
2025-09-13 18:50:09,636 | INFO | Upserting 0 symbols
2025-09-13 18:50:09,636 | INFO | ingest_done | profile=9621 | inserted=0 | duplicates=0 | errors=0
2025-09-13 18:50:09,651 | INFO | Processing 1 chunks of ~5000 rows each
2025-09-13 18:50:09,652 | ERROR | Failed to process chunk 0: process_csv_chunk() got multiple values for argument 'mapping'
2025-09-13 18:50:09,652 | INFO | dry_run | profile=9644 | rows=0 | symbols=0 | errors=0
2025-09-13 19:24:30,087 | INFO | Processing 1 chunks of ~5000 rows each
2025-09-13 19:24:30,105 | INFO | dry_run | profile=1 | rows=425 | symbols=187 | errors=0
2025-09-13 19:25:29,270 | INFO | Processing 9 chunks of ~50 rows each
2025-09-13 19:25:29,290 | INFO | dry_run | profile=1 | rows=425 | symbols=187 | errors=0
2025-09-13 19:25:46,960 | INFO | Processing 5 chunks of ~100 rows each
2025-09-13 19:25:46,974 | INFO | Upserting 187 symbols
2025-09-13 19:25:47,149 | INFO | ingest_done | profile=9999 | inserted=246 | duplicates=179 | errors=0
2025-09-13 19:30:55,313 | ERROR | Missing required columns in CSV per mapping: ['date', 'quantity']
2025-09-13 19:31:06,920 | INFO | Processing 1 chunks of ~5000 rows each
2025-09-13 19:31:06,935 | INFO | dry_run | profile=1 | rows=425 | symbols=187 | errors=0
2025-09-13 19:31:13,382 | INFO | Processing 1 chunks of ~5000 rows each
2025-09-13 19:31:13,399 | INFO | Upserting 187 symbols
2025-09-13 19:31:13,607 | INFO | ingest_done | profile=1 | inserted=246 | duplicates=179 | errors=0
